Sun Feb  8 07:00:01 EST 2015 -  
Sun Feb  8 07:00:01 EST 2015 -  
Sun Feb  8 07:00:01 EST 2015 - ====================================================================================================
Sun Feb  8 07:00:01 EST 2015 - Starting the script rsync_to_raspi.sh on -  - 2015.02.08 07:00:01
Sun Feb  8 07:00:01 EST 2015 -  
Sun Feb  8 07:00:01 EST 2015 - ====================================================================================================
Sun Feb  8 07:00:01 EST 2015 - ping raspi.maison.ca ...
Sun Feb  8 07:00:02 EST 2015 - Return Code after ping is 0
Sun Feb  8 07:00:02 EST 2015 -  
Sun Feb  8 07:00:02 EST 2015 - ====================================================================================================
Sun Feb  8 07:00:02 EST 2015 - RSYNC Directories
Sun Feb  8 07:00:02 EST 2015 - ====================================================================================================
Sun Feb  8 07:00:02 EST 2015 -  
Sun Feb  8 07:00:02 EST 2015 -  
Sun Feb  8 07:00:02 EST 2015 - ====================================================================================================
Sun Feb  8 07:00:02 EST 2015 - Syncing Directories /cadmin to /backup/nomad/cadmin ...
Sun Feb  8 07:00:02 EST 2015 - ====================================================================================================
Sun Feb  8 07:00:02 EST 2015 - rsync -vrOltD --delete  /cadmin/ raspi.maison.ca:/backup/nomad/cadmin/ 
sending incremental file list

sent 1045 bytes  received 33 bytes  239.56 bytes/sec
total size is 10625565  speedup is 9856.74
Sun Feb  8 07:00:06 EST 2015 - rsync /cadmin to /backup/nomad/cadmin - OK
Sun Feb  8 07:00:06 EST 2015 - Total of Error is 0
Sun Feb  8 07:00:06 EST 2015 -  
Sun Feb  8 07:00:06 EST 2015 -  
Sun Feb  8 07:00:06 EST 2015 - ====================================================================================================
Sun Feb  8 07:00:06 EST 2015 - Syncing Directories /sadmin to /backup/nomad/sadmin ...
Sun Feb  8 07:00:06 EST 2015 - ====================================================================================================
Sun Feb  8 07:00:06 EST 2015 - rsync -vrOltD --delete  /sadmin/ raspi.maison.ca:/backup/nomad/sadmin/ 
sending incremental file list
deleting sam_53.tar
deleting sam.tar
deleting sadmin.tgz
deleting crontab.txt
bin/rsync_to_raspi.sh
cfg/crontab.txt
log/nomad_rsync_to_backup.log
log/nomad_rsync_to_backup.sh.log
log/nomad_rsync_to_backup.sh_stat.log
log/nomad_rsync_to_backup_stat.log
log/nomad_rsync_to_raspi.log
log/nomad_rsync_to_raspi.sh.log
log/nomad_rsync_to_raspi.sh_stat.log
log/nomad_rsync_to_raspi_stat.log
log/nomad_storix_purge_images.sh.log
log/nomad_storix_purge_images.sh_stat.log
log/updater.log

sent 68552 bytes  received 6799 bytes  21528.86 bytes/sec
total size is 1282698  speedup is 17.02
Sun Feb  8 07:00:09 EST 2015 - rsync /sadmin to /backup/nomad/sadmin - OK
Sun Feb  8 07:00:09 EST 2015 - Total of Error is 0
Sun Feb  8 07:00:09 EST 2015 -  
Sun Feb  8 07:00:09 EST 2015 -  
Sun Feb  8 07:00:09 EST 2015 - ====================================================================================================
Sun Feb  8 07:00:09 EST 2015 - Syncing Directories /home to /backup/nomad/home ...
Sun Feb  8 07:00:09 EST 2015 - ====================================================================================================
Sun Feb  8 07:00:09 EST 2015 - rsync -vrOltD --delete  /home/ raspi.maison.ca:/backup/nomad/home/ 
sending incremental file list
jacques/anaconda-ks.cfg
jacques/anaconda.log
jacques/ifcfg.log
jacques/packaging.log
jacques/postinstall.log
jacques/program.log
jacques/storage.log
jacques/.idm/5488_1024_nomad_jacques.spl
jacques/.idm/uex/alt.conf
jacques/.idm/uex/uex.conf
jacques/.idm/uex/uex.conf_vol
jacques/.idm/uex/logs/application.log
jacques/.local/share/recently-used.xbel

sent 1793629 bytes  received 2649 bytes  44352.54 bytes/sec
total size is 1862859875  speedup is 1037.07
Sun Feb  8 07:00:49 EST 2015 - rsync /home to /backup/nomad/home - OK
Sun Feb  8 07:00:49 EST 2015 - Total of Error is 0
Sun Feb  8 07:00:49 EST 2015 -  
Sun Feb  8 07:00:49 EST 2015 -  
Sun Feb  8 07:00:49 EST 2015 - ====================================================================================================
Sun Feb  8 07:00:49 EST 2015 - Syncing Directories /storix to /backup/nomad/storix ...
Sun Feb  8 07:00:49 EST 2015 - ====================================================================================================
Sun Feb  8 07:00:49 EST 2015 - rsync -vrOltD --delete  /storix/ raspi.maison.ca:/backup/nomad/storix/ 
sending incremental file list
config/exclude_list
config/nfs/raspi.maison.ca:info
main/data/cmdout/NFS@raspi.maison.ca:API:mksysb_bilbo:1423209906:bilbo.maison.ca
main/data/cmdout/NFS@raspi.maison.ca:API:mksysb_gandalf:1423296005:gandalf.maison.ca
main/data/cmdout/NFS@raspi.maison.ca:API:mksysb_gollum:1423382405:gollum.maison.ca
main/data/cmdout/NFS@raspi.maison.ca:API:mksysb_nomad:1423209605:nomad.maison.ca
main/data/cmdout/NFS@raspi.maison.ca:API:mksysb_puppet:1423206005:puppet.maison.ca
main/data/cmdout/NFS@raspi.maison.ca:API:mksysb_rhel4:1423123265:rhel4.maison.ca
main/data/errout/NFS@raspi.maison.ca:API:mksysb_bilbo:1423209906:bilbo.maison.ca
main/data/errout/NFS@raspi.maison.ca:API:mksysb_gandalf:1423296005:gandalf.maison.ca
main/data/errout/NFS@raspi.maison.ca:API:mksysb_gollum:1423382405:gollum.maison.ca
main/data/errout/NFS@raspi.maison.ca:API:mksysb_nomad:1423209605:nomad.maison.ca
main/data/errout/NFS@raspi.maison.ca:API:mksysb_puppet:1423206005:puppet.maison.ca
main/data/errout/NFS@raspi.maison.ca:API:mksysb_rhel4:1423123265:rhel4.maison.ca
main/data/history/C:bilbo.maison.ca:mksysb_bilbo
main/data/history/C:gandalf.maison.ca:mksysb_gandalf
main/data/history/C:gollum.maison.ca:mksysb_gollum
main/data/history/C:nomad.maison.ca:mksysb_nomad
main/data/history/C:puppet.maison.ca:mksysb_puppet
main/data/history/C:rhel4.maison.ca:mksysb_rhel4
main/data/history/J:mksysb_bilbo:bilbo.maison.ca
main/data/history/J:mksysb_gandalf:gandalf.maison.ca
main/data/history/J:mksysb_gollum:gollum.maison.ca
main/data/history/J:mksysb_nomad:nomad.maison.ca
main/data/history/J:mksysb_puppet:puppet.maison.ca
main/data/history/J:mksysb_rhel4:rhel4.maison.ca
main/data/history/jobstatus.log
main/data/labs/clnt:bilbo.maison.ca:1:rootvg
main/data/labs/clnt:bilbo.maison.ca:1:system
main/data/labs/clnt:gandalf.maison.ca:1:rootvg
main/data/labs/clnt:gandalf.maison.ca:1:system
main/data/labs/clnt:gollum.maison.ca:1:rootvg
main/data/labs/clnt:gollum.maison.ca:1:system
main/data/labs/clnt:nomad.maison.ca:1:rootvg
main/data/labs/clnt:nomad.maison.ca:1:system
main/data/labs/clnt:puppet.maison.ca:1:rootvg
main/data/labs/clnt:puppet.maison.ca:1:system
main/data/labs/clnt:rhel4.maison.ca:1:VolGroup00
main/data/labs/clnt:rhel4.maison.ca:1:system
main/data/labs/job:mksysb_bilbo
main/data/labs/job:mksysb_gandalf
main/data/labs/job:mksysb_gollum
main/data/labs/job:mksysb_nomad
main/data/labs/job:mksysb_puppet
main/data/labs/job:mksysb_rhel4
main/data/labs/lab:1423123265
main/data/labs/lab:1423206005
main/data/labs/lab:1423209605
main/data/labs/lab:1423209906
main/data/labs/lab:1423296005
main/data/labs/lab:1423382405
main/data/labs/svr:NFS@raspi.maison.ca:API
main/data/status/NFS@raspi.maison.ca:API:mksysb_bilbo:1423209906
main/data/status/NFS@raspi.maison.ca:API:mksysb_gandalf:1423296005
main/data/status/NFS@raspi.maison.ca:API:mksysb_gollum:1423382405
main/data/status/NFS@raspi.maison.ca:API:mksysb_nomad:1423209605
main/data/status/NFS@raspi.maison.ca:API:mksysb_puppet:1423206005
main/data/status/NFS@raspi.maison.ca:API:mksysb_rhel4:1423123265
temp/menu.lst
temp/stalled.1423206005
temp/mnt/.stxverify

sent 171046 bytes  received 2504 bytes  18268.42 bytes/sec
total size is 2970086  speedup is 17.11
Sun Feb  8 07:00:58 EST 2015 - rsync /storix to /backup/nomad/storix - OK
Sun Feb  8 07:00:58 EST 2015 - Total of Error is 0
Sun Feb  8 07:00:58 EST 2015 -  
Sun Feb  8 07:00:58 EST 2015 -  
Sun Feb  8 07:00:58 EST 2015 - ====================================================================================================
Sun Feb  8 07:00:58 EST 2015 - Syncing Directories /sysadmin to /backup/nomad/sysadmin ...
Sun Feb  8 07:00:58 EST 2015 - ====================================================================================================
Sun Feb  8 07:00:58 EST 2015 - rsync -vrOltD --delete  /sysadmin/ raspi.maison.ca:/backup/nomad/sysadmin/ 
sending incremental file list
sam/drsavevg.dat
sam/drsavevg.prev
sam/drsavevg.srt
sam/sam.log
deleting sam/tmp/vglist.7754
deleting sam/tmp/stdout.7754
deleting sam/tmp/stderr.7754
sam/tmp/fstab.wrk
sam/tmp/stderr.28640
sam/tmp/stdout.28640
sam/tmp/vglist.28640
sysinfo/cron_sysinfo3.log
sysinfo/hw/df_nomad.txt
sysinfo/hw/hwinfo_nomad.txt
sysinfo/hw/ifconfig_nomad.txt
sysinfo/hw/lvs_nomad.txt
sysinfo/hw/netstat_nomad.txt
sysinfo/hw/pvs_nomad.txt
sysinfo/hw/vgs_nomad.txt
sysinfo/log/nomad.log
sysinfo/log/nomad.maison.ca.err
sysinfo/log/nomad.maison.ca.html
sysinfo/log/nomad.maison.ca.partitions.save
sysinfo/log/nomad.maison.ca.txt

sent 246684 bytes  received 14396 bytes  40166.15 bytes/sec
total size is 61044179  speedup is 233.81
Sun Feb  8 07:01:05 EST 2015 - rsync /sysadmin to /backup/nomad/sysadmin - OK
Sun Feb  8 07:01:05 EST 2015 - Total of Error is 0
Sun Feb  8 07:01:05 EST 2015 -  
Sun Feb  8 07:01:05 EST 2015 -  
Sun Feb  8 07:01:05 EST 2015 - ====================================================================================================
Sun Feb  8 07:01:05 EST 2015 - Syncing Directories /sysinfo to /backup/nomad/sysinfo ...
Sun Feb  8 07:01:05 EST 2015 - ====================================================================================================
Sun Feb  8 07:01:05 EST 2015 - rsync -vrOltD --delete  /sysinfo/ raspi.maison.ca:/backup/nomad/sysinfo/ 
sending incremental file list
cfg/crontab_nomad.txt
deleting dbbackup/daily/sysinfo/sysinfo_2014-01-19_05h00m.Sunday.sql.gz
dbbackup/daily/sysinfo/sysinfo_2015-02-08_03h00m.Sunday.sql.gz
dbbackup/weekly/sysinfo/sysinfo_week.06.2015-02-07_13h55m.sql.gz
log/web_chown.log

sent 6704287 bytes  received 2799 bytes  135496.69 bytes/sec
total size is 8664067920  speedup is 1291.78
Sun Feb  8 07:01:54 EST 2015 - rsync /sysinfo to /backup/nomad/sysinfo - OK
Sun Feb  8 07:01:54 EST 2015 - Total of Error is 0
Sun Feb  8 07:01:54 EST 2015 -  
Sun Feb  8 07:01:54 EST 2015 -  
Sun Feb  8 07:01:54 EST 2015 - ====================================================================================================
Sun Feb  8 07:01:54 EST 2015 - Syncing Directories /aix_data to /backup/nomad/aix_data ...
Sun Feb  8 07:01:54 EST 2015 - ====================================================================================================
Sun Feb  8 07:01:54 EST 2015 - rsync -vrOltD --delete  /aix_data/ raspi.maison.ca:/backup/nomad/aix_data/ 
sending incremental file list

sent 30142 bytes  received 45 bytes  6708.22 bytes/sec
total size is 219119697  speedup is 7258.74
Sun Feb  8 07:01:58 EST 2015 - rsync /aix_data to /backup/nomad/aix_data - OK
Sun Feb  8 07:01:58 EST 2015 - Total of Error is 0
Sun Feb  8 07:01:58 EST 2015 -  
Sun Feb  8 07:01:58 EST 2015 -  
Sun Feb  8 07:01:58 EST 2015 - ====================================================================================================
Sun Feb  8 07:01:58 EST 2015 - Syncing Directories /os to /backup/nomad/os ...
Sun Feb  8 07:01:58 EST 2015 - ====================================================================================================
Sun Feb  8 07:01:58 EST 2015 - rsync -vrOltD --delete  /os/ raspi.maison.ca:/backup/nomad/os/ 
sending incremental file list
centos70/anaconda-ks.cfg
centos70/bat_vm.cfg.old
centos70/old_cfg/bat_vm.cfg

sent 7449 bytes  received 112 bytes  3024.40 bytes/sec
total size is 12835848194  speedup is 1697638.96
Sun Feb  8 07:02:00 EST 2015 - rsync /os to /backup/nomad/os - OK
Sun Feb  8 07:02:00 EST 2015 - Total of Error is 0
Sun Feb  8 07:02:00 EST 2015 -  
Sun Feb  8 07:02:00 EST 2015 -  
Sun Feb  8 07:02:00 EST 2015 - ====================================================================================================
Sun Feb  8 07:02:00 EST 2015 - Syncing Directories /www to /backup/nomad/www ...
Sun Feb  8 07:02:00 EST 2015 - ====================================================================================================
Sun Feb  8 07:02:00 EST 2015 - rsync -vrOltD --delete  /www/ raspi.maison.ca:/backup/nomad/www/ 
sending incremental file list

sent 212109 bytes  received 537 bytes  12887.64 bytes/sec
total size is 190174063  speedup is 894.32
Sun Feb  8 07:02:16 EST 2015 - rsync /www to /backup/nomad/www - OK
Sun Feb  8 07:02:16 EST 2015 - Total of Error is 0
Sun Feb  8 07:02:16 EST 2015 -  
Sun Feb  8 07:02:16 EST 2015 -  
Sun Feb  8 07:02:16 EST 2015 - ====================================================================================================
Sun Feb  8 07:02:16 EST 2015 - Syncing Directories /scom to /backup/nomad/scom ...
Sun Feb  8 07:02:16 EST 2015 - ====================================================================================================
Sun Feb  8 07:02:16 EST 2015 - rsync -vrOltD --delete  /scom/ raspi.maison.ca:/backup/nomad/scom/ 
sending incremental file list

sent 1341 bytes  received 29 bytes  548.00 bytes/sec
total size is 425468  speedup is 310.56
Sun Feb  8 07:02:18 EST 2015 - rsync /scom to /backup/nomad/scom - OK
Sun Feb  8 07:02:18 EST 2015 - Total of Error is 0
Sun Feb  8 07:02:18 EST 2015 -  
Sun Feb  8 07:02:18 EST 2015 -  
Sun Feb  8 07:02:18 EST 2015 - ====================================================================================================
Sun Feb  8 07:02:18 EST 2015 - Syncing Directories /slam to /backup/nomad/slam ...
Sun Feb  8 07:02:18 EST 2015 - ====================================================================================================
Sun Feb  8 07:02:18 EST 2015 - rsync -vrOltD --delete  /slam/ raspi.maison.ca:/backup/nomad/slam/ 
sending incremental file list

sent 104916 bytes  received 256 bytes  11070.74 bytes/sec
total size is 118189301  speedup is 1123.77
Sun Feb  8 07:02:27 EST 2015 - rsync /slam to /backup/nomad/slam - OK
Sun Feb  8 07:02:27 EST 2015 - Total of Error is 0
Sun Feb  8 07:02:27 EST 2015 -  
Sun Feb  8 07:02:27 EST 2015 -  
Sun Feb  8 07:02:27 EST 2015 - ====================================================================================================
Sun Feb  8 07:02:27 EST 2015 - Syncing Directories /install to /backup/nomad/install ...
Sun Feb  8 07:02:27 EST 2015 - ====================================================================================================
Sun Feb  8 07:02:27 EST 2015 - rsync -vrOltD --delete  /install/ raspi.maison.ca:/backup/nomad/install/ 
sending incremental file list
.DS_Store
batcave/kickstart/postinstall_v7.sh
batcave/software/puppet/puppet_3.7.3.1/7/
batcave/software/puppet/puppet_3.7.3.1/7/64bits/
batcave/software/puppet/puppet_3.7.3.1/7/64bits/facter-1.7.6-1.el6.x86_64.rpm
batcave/software/puppet/puppet_3.7.3.1/7/64bits/facter-1.7.6-1.el7.x86_64.rpm
batcave/software/puppet/puppet_3.7.3.1/7/64bits/hiera-1.3.4-1.el6.noarch.rpm
batcave/software/puppet/puppet_3.7.3.1/7/64bits/puppet-3.7.3-1.el7.noarch.rpm
batcave/software/puppet/puppet_3.7.3.1/7/64bits/ruby-augeas-0.4.1-3.el7.x86_64.rpm
batcave/software/puppet/puppet_3.7.3.1/7/64bits/rubygem-json-1.5.5-3.el6.x86_64.rpm
batcave/software/std_rpm/64bits/7/
batcave/software/std_rpm/64bits/7/bwm-ng-0.6-6.el6.2.x86_64.rpm
batcave/software/std_rpm/64bits/7/cfg2html-linux-2.50-2.noarch.rpm
batcave/software/std_rpm/64bits/7/iftop-1.0-0.7.pre4.el6.x86_64.rpm
batcave/software/std_rpm/64bits/7/iperf-2.0.5-3.el6.x86_64.rpm
batcave/software/std_rpm/64bits/7/mpack-1.5-3.i386.rpm
batcave/software/std_rpm/64bits/7/nmon-14g-1.el6.rf.x86_64.rpm
batcave/software/std_rpm/64bits/7/scli-1.7.1-23.i386.rpm
rhel/.DS_Store
rhel/tmp/.DS_Store
deleting rhel/tmp/avi/busty amateurs audra.asf
deleting rhel/tmp/avi/brab-bbagi11.avi
deleting rhel/tmp/avi/bbw big tit breast dildo black Sammie02.avi
deleting rhel/tmp/avi/Chocolate Stuffed-O_O-MILFs 3.avi
deleting rhel/tmp/avi/Candy a hot dirty MILF with huge tits gets her pussy fucked and a hige facial.avi
deleting rhel/tmp/avi/Busty Houswives 4 - Sophie Dee.avi
deleting rhel/tmp/avi/Busty Housewives 4-Jayden Jaymes.avi
deleting rhel/tmp/avi/Big Boob Quest 3 - Catalina Taylor.avi
deleting rhel/tmp/avi/Big Boob Dirty 30s And Squirting.avi
rhel/tmp/avi/._BD_Black.avi
rhel/tmp/avi/._B_Horny Black Mothers and Daughters 8.avi
rhel/tmp/avi/._B_Horny Black Mothers and Daughters 8B.avi
rhel/tmp/avi/._Big Natural Breasts 8 - Jessica.avi
rhel/tmp/avi/._NA_Natural Busty Girl Fucked By Italian Man.avi
rhel/tmp/avi/._bwb_jayden_jaymes-sd169.mp4
rhel/tmp/mp4/._Valerie Kay - [RealityKings] January 28, 2012.mp4

sent 6006746 bytes  received 1705 bytes  445070.44 bytes/sec
total size is 195799829529  speedup is 32587.41
Sun Feb  8 07:02:40 EST 2015 - rsync /install to /backup/nomad/install - OK
Sun Feb  8 07:02:40 EST 2015 - Total of Error is 0
Sun Feb  8 07:02:40 EST 2015 -  
Sun Feb  8 07:02:40 EST 2015 -  
Sun Feb  8 07:02:40 EST 2015 - ====================================================================================================
Sun Feb  8 07:02:40 EST 2015 - Syncing Directories /linternux to /backup/nomad/linternux ...
Sun Feb  8 07:02:40 EST 2015 - ====================================================================================================
Sun Feb  8 07:02:40 EST 2015 - rsync -vrOltD --delete  /linternux/ raspi.maison.ca:/backup/nomad/linternux/ 
sending incremental file list

sent 171 bytes  received 17 bytes  53.71 bytes/sec
total size is 29666  speedup is 157.80
Sun Feb  8 07:02:43 EST 2015 - rsync /linternux to /backup/nomad/linternux - OK
Sun Feb  8 07:02:43 EST 2015 - Total of Error is 0
Sun Feb  8 07:02:43 EST 2015 -  
Sun Feb  8 07:02:43 EST 2015 -  
Sun Feb  8 07:02:43 EST 2015 - ====================================================================================================
Sun Feb  8 07:02:43 EST 2015 - Syncing Directories /useradmin to /backup/nomad/useradmin ...
Sun Feb  8 07:02:43 EST 2015 - ====================================================================================================
Sun Feb  8 07:02:43 EST 2015 - rsync -vrOltD --delete  /useradmin/ raspi.maison.ca:/backup/nomad/useradmin/ 
sending incremental file list

sent 3311 bytes  received 31 bytes  1336.80 bytes/sec
total size is 3816870  speedup is 1142.09
Sun Feb  8 07:02:45 EST 2015 - rsync /useradmin to /backup/nomad/useradmin - OK
Sun Feb  8 07:02:45 EST 2015 - Total of Error is 0
Sun Feb  8 07:02:45 EST 2015 -  
Sun Feb  8 07:02:45 EST 2015 -  
Sun Feb  8 07:02:45 EST 2015 - ====================================================================================================
Sun Feb  8 07:02:45 EST 2015 - Syncing Directories /svn to /backup/nomad/svn ...
Sun Feb  8 07:02:45 EST 2015 - ====================================================================================================
Sun Feb  8 07:02:45 EST 2015 - rsync -vrOltD --delete  /svn/ raspi.maison.ca:/backup/nomad/svn/ 
sending incremental file list

sent 1173 bytes  received 26 bytes  479.60 bytes/sec
total size is 157928  speedup is 131.72
Sun Feb  8 07:02:47 EST 2015 - rsync /svn to /backup/nomad/svn - OK
Sun Feb  8 07:02:47 EST 2015 - Total of Error is 0
Sun Feb  8 07:02:47 EST 2015 -  
Sun Feb  8 07:02:47 EST 2015 -  
Sun Feb  8 07:02:47 EST 2015 - ====================================================================================================
Sun Feb  8 07:02:47 EST 2015 - Syncing Directories /stbackups to /backup/nomad/stbackups ...
Sun Feb  8 07:02:47 EST 2015 - ====================================================================================================
Sun Feb  8 07:02:47 EST 2015 - rsync -vrOltD --delete  /stbackups/ raspi.maison.ca:/backup/nomad/stbackups/ 
sending incremental file list
iso/isoimage_info:mksysb_bilbo-bilbo.maison.ca
iso/isoimage_info:mksysb_gandalf-gandalf.maison.ca
iso/isoimage_info:mksysb_gollum-gollum.maison.ca
iso/isoimage_info:mksysb_nomad-nomad.maison.ca
iso/isoimage_info:mksysb_puppet-puppet.maison.ca
iso/isoimage_info:mksysb_rhel4-rhel4.maison.ca
iso/mksysb_bilbo-bilbo.maison.ca.iso
iso/mksysb_gandalf-gandalf.maison.ca.iso
iso/mksysb_gollum-gollum.maison.ca.iso
iso/mksysb_nomad-nomad.maison.ca.iso
iso/mksysb_puppet-puppet.maison.ca.iso
iso/mksysb_rhel4-rhel4.maison.ca.iso

sent 141765755 bytes  received 199111 bytes  1071432.95 bytes/sec
total size is 264744764  speedup is 1.86
Sun Feb  8 07:04:59 EST 2015 - rsync /stbackups to /backup/nomad/stbackups - OK
Sun Feb  8 07:04:59 EST 2015 - Total of Error is 0
Sun Feb  8 07:04:59 EST 2015 -  
Sun Feb  8 07:04:59 EST 2015 -  
Sun Feb  8 07:04:59 EST 2015 - ====================================================================================================
Sun Feb  8 07:04:59 EST 2015 - Syncing Directories /etc to /backup/nomad/etc ...
Sun Feb  8 07:04:59 EST 2015 - ====================================================================================================
Sun Feb  8 07:04:59 EST 2015 - rsync -vrOltD --delete  /etc/ raspi.maison.ca:/backup/nomad/etc/ 
sending incremental file list
fstab
mtab
prelink.cache
cups/subscriptions.conf
cups/subscriptions.conf.O
deleting lvm/archive/rootvg_00019-1460086736.vg
lvm/archive/rootvg_00029-423037440.vg
lvm/backup/rootvg
lvm/cache/.cache
deleting perf/perfdata.150112
deleting perf/perfdata.150111
deleting perf/perfdata.150110
deleting perf/perfdata.150109
perf/perfdata.150204
perf/perfdata.150205
perf/perfdata.150206
perf/perfdata.150207

sent 2013440 bytes  received 5267 bytes  175539.74 bytes/sec
total size is 48853395  speedup is 24.20
Sun Feb  8 07:05:10 EST 2015 - rsync /etc to /backup/nomad/etc - OK
Sun Feb  8 07:05:10 EST 2015 - Total of Error is 0
Sun Feb  8 07:05:10 EST 2015 -  
Sun Feb  8 07:05:10 EST 2015 -  
Sun Feb  8 07:05:10 EST 2015 - ====================================================================================================
Sun Feb  8 07:05:10 EST 2015 - Syncing Directories /var to /backup/nomad/var ...
Sun Feb  8 07:05:10 EST 2015 - ====================================================================================================
Sun Feb  8 07:05:10 EST 2015 - rsync -vrOltD --delete  /var/ raspi.maison.ca:/backup/nomad/var/ 
sending incremental file list
adsmlog/automysqlbackup.log
adsmlog/create_linux_perfdata.log
adsmlog/drsavevg.log
adsmlog/mksysb_nomad.log
adsmlog/rc.nomad.mksysb_nomad.log
adsmlog/restart_nmon_at_midnight.log
adsmlog/start_nmon.log
cache/man/whatis
cache/yum/i386/6/base/cachecookie
cache/yum/i386/6/base/mirrorlist.txt
deleting cache/yum/i386/6/epel/03f6d4cbf46fc0fc4a6c4318b147fd49fa54f48c617d1cac597a3ada6b61c907-updateinfo.xml.gz
deleting cache/yum/i386/6/epel/01829f66bdb43d8f57f490991254bf14105ba89ab555426800ad28def3ebb827-primary.sqlite
cache/yum/i386/6/epel/8025f09c044a7c39678b7c962b223685ba27a289d430694b5db3d8b736cd2cb4-updateinfo.xml.gz
cache/yum/i386/6/epel/b4d497e66aa0edf15467c432fe61f9141cbb51a1db4cab95daba47302dbc5cb1-primary.sqlite
cache/yum/i386/6/epel/cachecookie
cache/yum/i386/6/epel/metalink.xml
cache/yum/i386/6/epel/repomd.xml
cache/yum/i386/6/epel/gen/updateinfo.xml
cache/yum/i386/6/extras/cachecookie
cache/yum/i386/6/extras/mirrorlist.txt
cache/yum/i386/6/isv_ownCloud_community/cachecookie
deleting cache/yum/i386/6/puppetlabs-deps/08ee774470df09b7eb6fdeea4a5d85cc22ca34f1-primary.sqlite
cache/yum/i386/6/puppetlabs-deps/78701a9571b8ba3bc98076813db0a466737eb8a2-primary.sqlite
cache/yum/i386/6/puppetlabs-deps/cachecookie
cache/yum/i386/6/puppetlabs-deps/repomd.xml
deleting cache/yum/i386/6/puppetlabs-products/d42f9ed5e0d73a2095741552ee3e6e50074d2e5a-primary.sqlite
cache/yum/i386/6/puppetlabs-products/c5d30e76e42f4797030119b2ea2a706826942d19-primary.sqlite
cache/yum/i386/6/puppetlabs-products/cachecookie
cache/yum/i386/6/puppetlabs-products/repomd.xml
deleting cache/yum/i386/6/updates/a86d0380066094deff9b6b8db4ece0f350f868c9d235290e0dc2e2ee9a7809bf-primary.sqlite
deleting cache/yum/i386/6/updates/a1398846167d889c47562a33b323475b39b518596e6b6da76a149ce761d35c6e-other.sqlite
cache/yum/i386/6/updates/cachecookie
cache/yum/i386/6/updates/d806fe2c64c98d6020f6814ab3506b650cd6894dc2c747797d77562ab07a6766-primary.sqlite
cache/yum/i386/6/updates/ffc1ff1842a58bf722bf9f1d3bf6854e203bcdc1ae23aab945b0d8619d229c21-other.sqlite
cache/yum/i386/6/updates/mirrorlist.txt
cache/yum/i386/6/updates/repomd.xml
lib/logrotate.status
lib/PackageKit/transactions.db
lib/dhcpd/dhcpd.leases
lib/dhcpd/dhcpd.leases~
lib/mlocate/mlocate.db
lib/mysql/wordpress/wp_options.MYD
lib/mysql/wordpress/wp_options.MYI
lib/ntp/drift
lib/prelink/quick
lib/rpm/__db.001
lib/rpm/__db.002
lib/rpm/__db.003
lib/rpm/__db.004
lib/samba/brlock.tdb
lib/samba/browse.dat
lib/samba/connections.tdb
lib/samba/locking.tdb
lib/samba/messages.tdb
lib/samba/notify_onelevel.tdb
lib/samba/printer_list.tdb
lib/samba/serverid.tdb
lock/subsys/haldaemon
deleting log/xrdp-sesman.log-20150204.gz
deleting log/xrdp-sesman.log-20150203.gz
deleting log/xrdp-sesman.log-20150202.gz
deleting log/xrdp-sesman.log-20150201.gz
deleting log/xferlog-20150111
deleting log/spooler-20150111
deleting log/secure-20150111
deleting log/messages-20150111
deleting log/maillog-20150111
deleting log/cron-20150111
log/btmp
log/cron
log/cron-20150208
log/lastlog
log/maillog
log/maillog-20150208
log/messages
log/messages-20150208
log/secure
log/secure-20150208
log/spooler
log/spooler-20150208
log/wtmp
log/xferlog
log/xferlog-20150208
log/xrdp-sesman.log
log/xrdp-sesman.log-20150205.gz
log/xrdp-sesman.log-20150206.gz
log/xrdp-sesman.log-20150207.gz
log/xrdp-sesman.log-20150208.gz
log/audit/audit.log
log/audit/audit.log.1
log/audit/audit.log.2
log/audit/audit.log.3
log/audit/audit.log.4
deleting log/cups/access_log-20141130
log/cups/access_log
log/cups/access_log-20150208
deleting log/httpd/ssl_error_log-20150111
deleting log/httpd/linternux_error.log-20150111
deleting log/httpd/linternux_access.log-20150111
deleting log/httpd/error_log-20150111
log/httpd/error_log
log/httpd/error_log-20150208
log/httpd/linternux_access.log
log/httpd/linternux_access.log-20150208
log/httpd/linternux_error.log
log/httpd/linternux_error.log-20150208
log/httpd/ssl_error_log
log/httpd/ssl_error_log-20150208
log/prelink/prelink.log
deleting log/sa/sar09
deleting log/sa/sar08
deleting log/sa/sa09
log/sa/sa04
log/sa/sa05
log/sa/sa06
log/sa/sa07
log/sa/sa08
log/sa/sar04
log/sa/sar05
log/sa/sar06
log/sa/sar07
log/tomcat6/catalina.out
log/tomcat6/catalina.out-20150208.gz
named/chroot/var/log/querylog
named/chroot/var/log/querylog.0
named/chroot/var/log/querylog.1
named/chroot/var/log/querylog.2
run/haldaemon.pid
run/utmp
run/cups/certs/0
run/httpd/httpd.pid
spool/anacron/cron.daily
spool/anacron/cron.weekly
spool/cron/root
deleting spool/postfix/defer/0/0CE0D3E1
deleting spool/postfix/defer/0/076801DE
spool/postfix/defer/0/0BD5A395
deleting spool/postfix/defer/1/1136824A
spool/postfix/defer/1/175083E2
spool/postfix/defer/1/1D9531D1
spool/postfix/defer/1/1F0C82B4
deleting spool/postfix/defer/2/28DA138D
deleting spool/postfix/defer/2/28CAC2F0
deleting spool/postfix/defer/2/264761A2
deleting spool/postfix/defer/2/23A5E272
deleting spool/postfix/defer/2/231F42DD
spool/postfix/defer/2/229A2210
spool/postfix/defer/2/23D941D7
spool/postfix/defer/2/254281CD
spool/postfix/defer/2/259DF408C
spool/postfix/defer/2/2E1AF363
spool/postfix/defer/2/2F0ED382
deleting spool/postfix/defer/3/3FF342DC
deleting spool/postfix/defer/3/3F6A32ED
deleting spool/postfix/defer/3/3CFA61E4
deleting spool/postfix/defer/3/3AE6E1CF
spool/postfix/defer/3/3546D368
spool/postfix/defer/3/37D303E0
deleting spool/postfix/defer/4/4F840212
deleting spool/postfix/defer/4/4D3171F7
deleting spool/postfix/defer/4/4962225AC
spool/postfix/defer/4/416682DC
spool/postfix/defer/4/417672E5
spool/postfix/defer/4/41EDA3A6
spool/postfix/defer/4/44BF02B1
spool/postfix/defer/4/453E5218
spool/postfix/defer/4/4A64F301
spool/postfix/defer/4/4AFD0233
spool/postfix/defer/4/4C02B2AE
spool/postfix/defer/4/4F47D401
spool/postfix/defer/5/5F3F81BC
deleting spool/postfix/defer/6/6EC93408B
deleting spool/postfix/defer/6/6B5A0296
deleting spool/postfix/defer/6/65AC9204
deleting spool/postfix/defer/6/6564638A
deleting spool/postfix/defer/6/621CE1E1
deleting spool/postfix/defer/6/606502E6
spool/postfix/defer/6/616FD2DD
spool/postfix/defer/6/664C040C
spool/postfix/defer/6/671901BB
spool/postfix/defer/6/6987D21C
spool/postfix/defer/6/6E4A1408D
deleting spool/postfix/defer/7/7E9ED21B
deleting spool/postfix/defer/7/7E0A238C
deleting spool/postfix/defer/7/7C7F11C0
deleting spool/postfix/defer/7/744632F1
spool/postfix/defer/7/728142B6
spool/postfix/defer/7/7E07425A3
deleting spool/postfix/defer/8/8C4CD273
deleting spool/postfix/defer/8/81D0F1E7
spool/postfix/defer/8/8369A1F7
spool/postfix/defer/8/8394B2F3
spool/postfix/defer/8/8620B291
spool/postfix/defer/8/8C9DC2F2
spool/postfix/defer/8/8F05940A
deleting spool/postfix/defer/9/9D9342E9
deleting spool/postfix/defer/9/98F95203
deleting spool/postfix/defer/9/948C440A
spool/postfix/defer/9/9652723D
spool/postfix/defer/9/9871C303
spool/postfix/defer/9/9AE82288
spool/postfix/defer/9/9B4F542D
spool/postfix/defer/A/A8C62408F
deleting spool/postfix/defer/B/B6E77395
deleting spool/postfix/defer/B/B52F5400
deleting spool/postfix/defer/B/B47543FF
deleting spool/postfix/defer/B/B460D1B6
spool/postfix/defer/B/B40CC4087
spool/postfix/defer/B/B70AE1CC
spool/postfix/defer/B/BB0EC310
spool/postfix/defer/B/BCE821A2
spool/postfix/defer/B/BED6123F
deleting spool/postfix/defer/C/C8C612F5
deleting spool/postfix/defer/C/C86301F3
deleting spool/postfix/defer/C/C62B21E6
spool/postfix/defer/C/C468A1DE
spool/postfix/defer/C/C75FB3E1
spool/postfix/defer/C/C7EC22FD
spool/postfix/defer/C/CF4BA4088
deleting spool/postfix/defer/D/DB40B363
deleting spool/postfix/defer/D/D64E13F9
deleting spool/postfix/defer/D/D01621CC
spool/postfix/defer/D/D8E4B1F8
spool/postfix/defer/D/DB21A20D
spool/postfix/defer/D/DE53E3F5
deleting spool/postfix/defer/E/E7954396
deleting spool/postfix/defer/E/E5FB61BC
spool/postfix/defer/E/E0C1A212
spool/postfix/defer/E/E21591E3
spool/postfix/defer/E/E3DB2408E
spool/postfix/defer/E/EAB821DB
spool/postfix/defer/F/F17EE296
deleting spool/postfix/deferred/0/0CE0D3E1
deleting spool/postfix/deferred/0/076801DE
spool/postfix/deferred/0/0BD5A395
deleting spool/postfix/deferred/1/1136824A
spool/postfix/deferred/1/175083E2
spool/postfix/deferred/1/1D9531D1
spool/postfix/deferred/1/1F0C82B4
deleting spool/postfix/deferred/2/28DA138D
deleting spool/postfix/deferred/2/28CAC2F0
deleting spool/postfix/deferred/2/264761A2
deleting spool/postfix/deferred/2/23A5E272
deleting spool/postfix/deferred/2/231F42DD
spool/postfix/deferred/2/229A2210
spool/postfix/deferred/2/23D941D7
spool/postfix/deferred/2/254281CD
spool/postfix/deferred/2/259DF408C
spool/postfix/deferred/2/2E1AF363
spool/postfix/deferred/2/2F0ED382
deleting spool/postfix/deferred/3/3FF342DC
deleting spool/postfix/deferred/3/3F6A32ED
deleting spool/postfix/deferred/3/3CFA61E4
deleting spool/postfix/deferred/3/3AE6E1CF
spool/postfix/deferred/3/3546D368
spool/postfix/deferred/3/37D303E0
deleting spool/postfix/deferred/4/4F840212
deleting spool/postfix/deferred/4/4D3171F7
deleting spool/postfix/deferred/4/4962225AC
spool/postfix/deferred/4/416682DC
spool/postfix/deferred/4/417672E5
spool/postfix/deferred/4/41EDA3A6
spool/postfix/deferred/4/44BF02B1
spool/postfix/deferred/4/453E5218
spool/postfix/deferred/4/4A64F301
spool/postfix/deferred/4/4AFD0233
spool/postfix/deferred/4/4C02B2AE
spool/postfix/deferred/4/4F47D401
spool/postfix/deferred/5/5F3F81BC
deleting spool/postfix/deferred/6/6EC93408B
deleting spool/postfix/deferred/6/6B5A0296
deleting spool/postfix/deferred/6/65AC9204
deleting spool/postfix/deferred/6/6564638A
deleting spool/postfix/deferred/6/621CE1E1
deleting spool/postfix/deferred/6/606502E6
spool/postfix/deferred/6/616FD2DD
spool/postfix/deferred/6/664C040C
spool/postfix/deferred/6/671901BB
spool/postfix/deferred/6/6987D21C
spool/postfix/deferred/6/6E4A1408D
deleting spool/postfix/deferred/7/7E9ED21B
deleting spool/postfix/deferred/7/7E0A238C
deleting spool/postfix/deferred/7/7C7F11C0
deleting spool/postfix/deferred/7/744632F1
spool/postfix/deferred/7/728142B6
spool/postfix/deferred/7/7E07425A3
deleting spool/postfix/deferred/8/8C4CD273
deleting spool/postfix/deferred/8/81D0F1E7
spool/postfix/deferred/8/8369A1F7
spool/postfix/deferred/8/8394B2F3
spool/postfix/deferred/8/8620B291
spool/postfix/deferred/8/8C9DC2F2
spool/postfix/deferred/8/8F05940A
deleting spool/postfix/deferred/9/9D9342E9
deleting spool/postfix/deferred/9/98F95203
deleting spool/postfix/deferred/9/948C440A
spool/postfix/deferred/9/9652723D
spool/postfix/deferred/9/9871C303
spool/postfix/deferred/9/9AE82288
spool/postfix/deferred/9/9B4F542D
spool/postfix/deferred/A/A8C62408F
deleting spool/postfix/deferred/B/B6E77395
deleting spool/postfix/deferred/B/B52F5400
deleting spool/postfix/deferred/B/B47543FF
deleting spool/postfix/deferred/B/B460D1B6
spool/postfix/deferred/B/B40CC4087
spool/postfix/deferred/B/B70AE1CC
spool/postfix/deferred/B/BB0EC310
spool/postfix/deferred/B/BCE821A2
spool/postfix/deferred/B/BED6123F
deleting spool/postfix/deferred/C/C8C612F5
deleting spool/postfix/deferred/C/C86301F3
deleting spool/postfix/deferred/C/C62B21E6
spool/postfix/deferred/C/C468A1DE
spool/postfix/deferred/C/C75FB3E1
spool/postfix/deferred/C/C7EC22FD
spool/postfix/deferred/C/CF4BA4088
deleting spool/postfix/deferred/D/DB40B363
deleting spool/postfix/deferred/D/D64E13F9
deleting spool/postfix/deferred/D/D01621CC
spool/postfix/deferred/D/D8E4B1F8
spool/postfix/deferred/D/DB21A20D
spool/postfix/deferred/D/DE53E3F5
deleting spool/postfix/deferred/E/E7954396
deleting spool/postfix/deferred/E/E5FB61BC
spool/postfix/deferred/E/E0C1A212
spool/postfix/deferred/E/E21591E3
spool/postfix/deferred/E/E3DB2408E
spool/postfix/deferred/E/EAB821DB
spool/postfix/deferred/F/F17EE296

sent 229448065 bytes  received 264192 bytes  737439.03 bytes/sec
total size is 1564147510  speedup is 6.81
Sun Feb  8 07:10:21 EST 2015 - rsync /var to /backup/nomad/var - OK
Sun Feb  8 07:10:21 EST 2015 - Total of Error is 0
Sun Feb  8 07:10:21 EST 2015 -  
Sun Feb  8 07:10:21 EST 2015 -  
Sun Feb  8 07:10:21 EST 2015 - ====================================================================================================
Sun Feb  8 07:10:21 EST 2015 - Syncing Directories /boot to /backup/nomad/boot ...
Sun Feb  8 07:10:21 EST 2015 - ====================================================================================================
Sun Feb  8 07:10:21 EST 2015 - rsync -vrOltD --delete  /boot/ raspi.maison.ca:/backup/nomad/boot/ 
sending incremental file list

sent 1365 bytes  received 17 bytes  394.86 bytes/sec
total size is 81467599  speedup is 58949.06
Sun Feb  8 07:10:24 EST 2015 - rsync /boot to /backup/nomad/boot - OK
Sun Feb  8 07:10:24 EST 2015 - Total of Error is 0
Sun Feb  8 07:10:24 EST 2015 -  
Sun Feb  8 07:10:24 EST 2015 - ====================================================================================================
Sun Feb  8 07:10:24 EST 2015 - sync_server function total error is 0
Sun Feb  8 07:10:24 EST 2015 - ====================================================================================================
Sun Feb  8 07:10:24 EST 2015 - ====================================================================================================
Sun Feb  8 07:10:24 EST 2015 - Trimming rc log /sadmin/log/nomad_rsync_to_raspi_stat.log
Sun Feb  8 07:10:24 EST 2015 - Trimming log /sadmin/log/nomad_rsync_to_raspi.log
Sun Feb  8 07:10:24 EST 2015 - Ended at 07:10:24
Sun Feb  8 07:10:24 EST 2015 - ====================================================================================================
Wed Feb 11 07:00:01 EST 2015 -  
Wed Feb 11 07:00:01 EST 2015 -  
Wed Feb 11 07:00:01 EST 2015 - ====================================================================================================
Wed Feb 11 07:00:01 EST 2015 - Starting the script rsync_to_raspi.sh on -  - 2015.02.11 07:00:01
Wed Feb 11 07:00:01 EST 2015 -  
Wed Feb 11 07:00:01 EST 2015 - ====================================================================================================
Wed Feb 11 07:00:01 EST 2015 - ping raspi.maison.ca ...
Wed Feb 11 07:00:02 EST 2015 - Return Code after ping is 0
Wed Feb 11 07:00:02 EST 2015 -  
Wed Feb 11 07:00:02 EST 2015 - ====================================================================================================
Wed Feb 11 07:00:02 EST 2015 - RSYNC Directories
Wed Feb 11 07:00:02 EST 2015 - ====================================================================================================
Wed Feb 11 07:00:02 EST 2015 -  
Wed Feb 11 07:00:02 EST 2015 -  
Wed Feb 11 07:00:02 EST 2015 - ====================================================================================================
Wed Feb 11 07:00:02 EST 2015 - Syncing Directories /cadmin to /backup/nomad/cadmin ...
Wed Feb 11 07:00:02 EST 2015 - ====================================================================================================
Wed Feb 11 07:00:02 EST 2015 - rsync -vrOltD --delete  /cadmin/ raspi.maison.ca:/backup/nomad/cadmin/ 
sending incremental file list

sent 1045 bytes  received 33 bytes  113.47 bytes/sec
total size is 10625565  speedup is 9856.74
Wed Feb 11 07:00:11 EST 2015 - rsync /cadmin to /backup/nomad/cadmin - OK
Wed Feb 11 07:00:11 EST 2015 - Total of Error is 0
Wed Feb 11 07:00:11 EST 2015 -  
Wed Feb 11 07:00:11 EST 2015 -  
Wed Feb 11 07:00:11 EST 2015 - ====================================================================================================
Wed Feb 11 07:00:11 EST 2015 - Syncing Directories /sadmin to /backup/nomad/sadmin ...
Wed Feb 11 07:00:11 EST 2015 - ====================================================================================================
Wed Feb 11 07:00:11 EST 2015 - rsync -vrOltD --delete  /sadmin/ raspi.maison.ca:/backup/nomad/sadmin/ 
sending incremental file list
log/nomad_rsync_to_raspi.log
log/nomad_rsync_to_raspi.sh.log
log/nomad_rsync_to_raspi.sh_stat.log
log/nomad_rsync_to_raspi_stat.log
log/nomad_storix_purge_images.sh.log
log/nomad_storix_purge_images.sh_stat.log
log/updater.log

sent 44513 bytes  received 2755 bytes  31512.00 bytes/sec
total size is 1319439  speedup is 27.91
Wed Feb 11 07:00:12 EST 2015 - rsync /sadmin to /backup/nomad/sadmin - OK
Wed Feb 11 07:00:12 EST 2015 - Total of Error is 0
Wed Feb 11 07:00:12 EST 2015 -  
Wed Feb 11 07:00:12 EST 2015 -  
Wed Feb 11 07:00:12 EST 2015 - ====================================================================================================
Wed Feb 11 07:00:12 EST 2015 - Syncing Directories /home to /backup/nomad/home ...
Wed Feb 11 07:00:12 EST 2015 - ====================================================================================================
Wed Feb 11 07:00:12 EST 2015 - rsync -vrOltD --delete  /home/ raspi.maison.ca:/backup/nomad/home/ 
sending incremental file list
jacques/.bash_history
jacques/.viminfo
jacques/.gconf/apps/gnome-terminal/profiles/Default/%gconf.xml
jacques/.gconf/apps/nautilus/preferences/%gconf.xml
jacques/.gconfd/saved_state
jacques/.gnome2/accels/nautilus
jacques/.local/share/gvfs-metadata/smb-server:server=maison
jacques/.local/share/gvfs-metadata/smb-server:server=maison-ce927da8.log
deleting jacques/.thumbnails/normal/ff1fc19cbe031556ed8b3af835acb9bc.png
deleting jacques/.thumbnails/normal/fe9c0dca7d93ef93f3928d710ef3d02e.png
deleting jacques/.thumbnails/normal/f93bf1c155dcda3fa4cac2d4ca11db94.png
deleting jacques/.thumbnails/normal/f6b55d6a028d98050be3a52c8a021567.png
deleting jacques/.thumbnails/normal/f12f015f276e4f3053572dcb602e65a4.png
deleting jacques/.thumbnails/normal/ef6e3488e0618e74bba991f5a64c2e06.png
deleting jacques/.thumbnails/normal/ed7ba9018c8bac5eced6d60816e541dd.png
deleting jacques/.thumbnails/normal/da226f874b976ad2578102176ad78c60.png
deleting jacques/.thumbnails/normal/d69ea7f720f2cbc6d9f918e4c6af0a4c.png
deleting jacques/.thumbnails/normal/afb4bf3db3cb1f1004599f801ee4af7b.png
deleting jacques/.thumbnails/normal/a763f3937a03213ad7c2c6e538bf64e3.png
deleting jacques/.thumbnails/normal/99ee7d8a5c2285e0ea5849dfaed9af80.png
deleting jacques/.thumbnails/normal/9781de848d3f2ca245309862481caab1.png
deleting jacques/.thumbnails/normal/8b32554cca394b507e427233be663f1d.png
deleting jacques/.thumbnails/normal/8781342f6e6ebaffd457329c55117c1b.png
deleting jacques/.thumbnails/normal/7e69b1987e908a450c4ebd39bdbea1b4.png
deleting jacques/.thumbnails/normal/772cb00148893e4bf6675c60f0a8d378.png
deleting jacques/.thumbnails/normal/73e4d4b70e156fcc3968bce4295f59cc.png
deleting jacques/.thumbnails/normal/6f67be690196fc05286519415a630472.png
deleting jacques/.thumbnails/normal/65d2ce5048705829b73c7110bde6784d.png
deleting jacques/.thumbnails/normal/64c31fc24761d03c62beb811a6425024.png
deleting jacques/.thumbnails/normal/57a15f14877b210226c4c5e1b0e188d3.png
deleting jacques/.thumbnails/normal/55158d6cd5fd073f6897b199b8efd937.png
deleting jacques/.thumbnails/normal/5416e426a665383670eb1fbdc04d838b.png
deleting jacques/.thumbnails/normal/4be77bd0ecc5ca474f13b4f2e637ff95.png
deleting jacques/.thumbnails/normal/4a572006994f87ea9c0c378f15d364d6.png
deleting jacques/.thumbnails/normal/49f33b01f5613bfe5264c221116c6316.png
deleting jacques/.thumbnails/normal/3d8e8e3c0a3f2854b5922dba587f93c5.png
deleting jacques/.thumbnails/normal/3679274d05ef409123f7fe7daf813d6f.png
deleting jacques/.thumbnails/normal/3422901f82ac2ad014cdcfdcef2bb3fc.png
deleting jacques/.thumbnails/normal/33cc6909dd18112f4478bec6874f33b4.png
deleting jacques/.thumbnails/normal/33657d551709e01930c702afbb5f567f.png
deleting jacques/.thumbnails/normal/2fb773429d7c7f42270ef835cfa55ad3.png
deleting jacques/.thumbnails/normal/2dce4eb0219196bb3e9de65c6b815838.png
deleting jacques/.thumbnails/normal/2d655662ed054fbe75bcac7a41df15d0.png
deleting jacques/.thumbnails/normal/29a659934738de58c4cdb1e20b742704.png
deleting jacques/.thumbnails/normal/1e7a89b887d63f060348b38353d69e3f.png
deleting jacques/.thumbnails/normal/137bd4a0becb6e92064a623e3b7a4004.png
deleting jacques/.thumbnails/normal/1058c49f5893c1fbd8d42b2270c95afb.png

sent 657150 bytes  received 2986 bytes  35683.03 bytes/sec
total size is 1862430670  speedup is 2821.28
Wed Feb 11 07:00:30 EST 2015 - rsync /home to /backup/nomad/home - OK
Wed Feb 11 07:00:30 EST 2015 - Total of Error is 0
Wed Feb 11 07:00:30 EST 2015 -  
Wed Feb 11 07:00:30 EST 2015 -  
Wed Feb 11 07:00:30 EST 2015 - ====================================================================================================
Wed Feb 11 07:00:30 EST 2015 - Syncing Directories /storix to /backup/nomad/storix ...
Wed Feb 11 07:00:30 EST 2015 - ====================================================================================================
Wed Feb 11 07:00:30 EST 2015 - rsync -vrOltD --delete  /storix/ raspi.maison.ca:/backup/nomad/storix/ 
sending incremental file list
config/exclude_list
config/nfs/raspi.maison.ca:info
main/data/cmdout/NFS@raspi.maison.ca:API:mksysb_centos5:1423643406:centos5.maison.ca
main/data/cmdout/NFS@raspi.maison.ca:API:mksysb_centos6:1423472405:centos6.maison.ca
main/data/cmdout/NFS@raspi.maison.ca:API:mksysb_gumby:1423466104:gumby.maison.ca
main/data/cmdout/NFS@raspi.maison.ca:API:mksysb_nomad:1423468805:nomad.maison.ca
main/data/cmdout/NFS@raspi.maison.ca:API:mksysb_nomad:1423641604:nomad.maison.ca
main/data/cmdout/NFS@raspi.maison.ca:API:mksysb_rhel3:1423556404:rhel3.maison.ca
main/data/errout/NFS@raspi.maison.ca:API:mksysb_centos5:1423643406:centos5.maison.ca
main/data/errout/NFS@raspi.maison.ca:API:mksysb_centos6:1423472405:centos6.maison.ca
main/data/errout/NFS@raspi.maison.ca:API:mksysb_gumby:1423466104:gumby.maison.ca
main/data/errout/NFS@raspi.maison.ca:API:mksysb_nomad:1423468805:nomad.maison.ca
main/data/errout/NFS@raspi.maison.ca:API:mksysb_nomad:1423641604:nomad.maison.ca
main/data/errout/NFS@raspi.maison.ca:API:mksysb_rhel3:1423556404:rhel3.maison.ca
main/data/history/C:centos5.maison.ca:mksysb_centos5
main/data/history/C:centos6.maison.ca:mksysb_centos6
main/data/history/C:gumby.maison.ca:mksysb_gumby
main/data/history/C:nomad.maison.ca:mksysb_nomad
main/data/history/C:rhel3.maison.ca:mksysb_rhel3
main/data/history/J:mksysb_centos5:centos5.maison.ca
main/data/history/J:mksysb_centos6:centos6.maison.ca
main/data/history/J:mksysb_gumby:gumby.maison.ca
main/data/history/J:mksysb_nomad:nomad.maison.ca
main/data/history/J:mksysb_rhel3:rhel3.maison.ca
main/data/history/jobstatus.log
main/data/labs/clnt:centos5.maison.ca:1:system
main/data/labs/clnt:centos6.maison.ca:1:rootvg
main/data/labs/clnt:centos6.maison.ca:1:system
main/data/labs/clnt:gumby.maison.ca:1:rootvg
main/data/labs/clnt:gumby.maison.ca:1:system
main/data/labs/clnt:nomad.maison.ca:1:rootvg
main/data/labs/clnt:nomad.maison.ca:1:system
main/data/labs/clnt:rhel3.maison.ca:1:rootvg
main/data/labs/clnt:rhel3.maison.ca:1:system
main/data/labs/job:mksysb_centos5
main/data/labs/job:mksysb_centos6
main/data/labs/job:mksysb_gumby
main/data/labs/job:mksysb_nomad
main/data/labs/job:mksysb_rhel3
main/data/labs/lab:1423466104
main/data/labs/lab:1423468805
main/data/labs/lab:1423472405
main/data/labs/lab:1423556404
main/data/labs/lab:1423641604
main/data/labs/lab:1423643406
main/data/labs/svr:NFS@raspi.maison.ca:API
main/data/status/NFS@raspi.maison.ca:API:mksysb_centos5:1423643406
main/data/status/NFS@raspi.maison.ca:API:mksysb_centos6:1423472405
main/data/status/NFS@raspi.maison.ca:API:mksysb_gumby:1423466104
main/data/status/NFS@raspi.maison.ca:API:mksysb_nomad:1423468805
main/data/status/NFS@raspi.maison.ca:API:mksysb_nomad:1423641604
main/data/status/NFS@raspi.maison.ca:API:mksysb_rhel3:1423556404
temp/menu.lst
temp/mnt/.stxverify

sent 172558 bytes  received 2317 bytes  49964.29 bytes/sec
total size is 3003107  speedup is 17.17
Wed Feb 11 07:00:33 EST 2015 - rsync /storix to /backup/nomad/storix - OK
Wed Feb 11 07:00:33 EST 2015 - Total of Error is 0
Wed Feb 11 07:00:33 EST 2015 -  
Wed Feb 11 07:00:33 EST 2015 -  
Wed Feb 11 07:00:33 EST 2015 - ====================================================================================================
Wed Feb 11 07:00:33 EST 2015 - Syncing Directories /sysadmin to /backup/nomad/sysadmin ...
Wed Feb 11 07:00:33 EST 2015 - ====================================================================================================
Wed Feb 11 07:00:33 EST 2015 - rsync -vrOltD --delete  /sysadmin/ raspi.maison.ca:/backup/nomad/sysadmin/ 
sending incremental file list
deleting sam_5.1.tgz
sam/drsavevg.dat
sam/drsavevg.prev
sam/drsavevg.srt
sysinfo/cron_sysinfo3.log
sysinfo/hw/df_nomad.txt
sysinfo/hw/hwinfo_nomad.txt
sysinfo/hw/ifconfig_nomad.txt
sysinfo/hw/lvs_nomad.txt
sysinfo/hw/netstat_nomad.txt
sysinfo/hw/pvs_nomad.txt
sysinfo/hw/vgs_nomad.txt
sysinfo/log/nomad.log
sysinfo/log/nomad.maison.ca.err
sysinfo/log/nomad.maison.ca.html
sysinfo/log/nomad.maison.ca.partitions.save
sysinfo/log/nomad.maison.ca.txt

sent 237631 bytes  received 12623 bytes  71501.14 bytes/sec
total size is 60975651  speedup is 243.66
Wed Feb 11 07:00:36 EST 2015 - rsync /sysadmin to /backup/nomad/sysadmin - OK
Wed Feb 11 07:00:36 EST 2015 - Total of Error is 0
Wed Feb 11 07:00:36 EST 2015 -  
Wed Feb 11 07:00:36 EST 2015 -  
Wed Feb 11 07:00:36 EST 2015 - ====================================================================================================
Wed Feb 11 07:00:36 EST 2015 - Syncing Directories /sysinfo to /backup/nomad/sysinfo ...
Wed Feb 11 07:00:36 EST 2015 - ====================================================================================================
Wed Feb 11 07:00:36 EST 2015 - rsync -vrOltD --delete  /sysinfo/ raspi.maison.ca:/backup/nomad/sysinfo/ 
sending incremental file list
cfg/crontab_nomad.txt
deleting dbbackup/daily/sysinfo/sysinfo_2014-01-22_05h00m.Wednesday.sql.gz
deleting dbbackup/daily/sysinfo/sysinfo_2014-01-21_05h00m.Tuesday.sql.gz
deleting dbbackup/daily/sysinfo/sysinfo_2014-01-20_05h00m.Monday.sql.gz
dbbackup/daily/sysinfo/sysinfo_2015-02-09_03h00m.Monday.sql.gz
dbbackup/daily/sysinfo/sysinfo_2015-02-10_03h00m.Tuesday.sql.gz
dbbackup/daily/sysinfo/sysinfo_2015-02-11_03h00m.Wednesday.sql.gz
log/web_chown.log

sent 9810451 bytes  received 2818 bytes  384834.08 bytes/sec
total size is 8664079857  speedup is 882.89
Wed Feb 11 07:01:01 EST 2015 - rsync /sysinfo to /backup/nomad/sysinfo - OK
Wed Feb 11 07:01:01 EST 2015 - Total of Error is 0
Wed Feb 11 07:01:01 EST 2015 -  
Wed Feb 11 07:01:01 EST 2015 -  
Wed Feb 11 07:01:01 EST 2015 - ====================================================================================================
Wed Feb 11 07:01:01 EST 2015 - Syncing Directories /aix_data to /backup/nomad/aix_data ...
Wed Feb 11 07:01:01 EST 2015 - ====================================================================================================
Wed Feb 11 07:01:01 EST 2015 - rsync -vrOltD --delete  /aix_data/ raspi.maison.ca:/backup/nomad/aix_data/ 
sending incremental file list

sent 30142 bytes  received 45 bytes  20124.67 bytes/sec
total size is 219119697  speedup is 7258.74
Wed Feb 11 07:01:02 EST 2015 - rsync /aix_data to /backup/nomad/aix_data - OK
Wed Feb 11 07:01:02 EST 2015 - Total of Error is 0
Wed Feb 11 07:01:02 EST 2015 -  
Wed Feb 11 07:01:02 EST 2015 -  
Wed Feb 11 07:01:02 EST 2015 - ====================================================================================================
Wed Feb 11 07:01:02 EST 2015 - Syncing Directories /os to /backup/nomad/os ...
Wed Feb 11 07:01:02 EST 2015 - ====================================================================================================
Wed Feb 11 07:01:02 EST 2015 - rsync -vrOltD --delete  /os/ raspi.maison.ca:/backup/nomad/os/ 
sending incremental file list

sent 899 bytes  received 19 bytes  612.00 bytes/sec
total size is 12835848194  speedup is 13982405.44
Wed Feb 11 07:01:03 EST 2015 - rsync /os to /backup/nomad/os - OK
Wed Feb 11 07:01:03 EST 2015 - Total of Error is 0
Wed Feb 11 07:01:03 EST 2015 -  
Wed Feb 11 07:01:03 EST 2015 -  
Wed Feb 11 07:01:03 EST 2015 - ====================================================================================================
Wed Feb 11 07:01:03 EST 2015 - Syncing Directories /www to /backup/nomad/www ...
Wed Feb 11 07:01:03 EST 2015 - ====================================================================================================
Wed Feb 11 07:01:03 EST 2015 - rsync -vrOltD --delete  /www/ raspi.maison.ca:/backup/nomad/www/ 
sending incremental file list

sent 212109 bytes  received 537 bytes  28352.80 bytes/sec
total size is 190174063  speedup is 894.32
Wed Feb 11 07:01:10 EST 2015 - rsync /www to /backup/nomad/www - OK
Wed Feb 11 07:01:10 EST 2015 - Total of Error is 0
Wed Feb 11 07:01:10 EST 2015 -  
Wed Feb 11 07:01:10 EST 2015 -  
Wed Feb 11 07:01:10 EST 2015 - ====================================================================================================
Wed Feb 11 07:01:10 EST 2015 - Syncing Directories /scom to /backup/nomad/scom ...
Wed Feb 11 07:01:10 EST 2015 - ====================================================================================================
Wed Feb 11 07:01:10 EST 2015 - rsync -vrOltD --delete  /scom/ raspi.maison.ca:/backup/nomad/scom/ 
sending incremental file list

sent 1341 bytes  received 29 bytes  913.33 bytes/sec
total size is 425468  speedup is 310.56
Wed Feb 11 07:01:11 EST 2015 - rsync /scom to /backup/nomad/scom - OK
Wed Feb 11 07:01:11 EST 2015 - Total of Error is 0
Wed Feb 11 07:01:11 EST 2015 -  
Wed Feb 11 07:01:11 EST 2015 -  
Wed Feb 11 07:01:11 EST 2015 - ====================================================================================================
Wed Feb 11 07:01:11 EST 2015 - Syncing Directories /slam to /backup/nomad/slam ...
Wed Feb 11 07:01:11 EST 2015 - ====================================================================================================
Wed Feb 11 07:01:11 EST 2015 - rsync -vrOltD --delete  /slam/ raspi.maison.ca:/backup/nomad/slam/ 
sending incremental file list

sent 104916 bytes  received 256 bytes  23371.56 bytes/sec
total size is 118189301  speedup is 1123.77
Wed Feb 11 07:01:15 EST 2015 - rsync /slam to /backup/nomad/slam - OK
Wed Feb 11 07:01:15 EST 2015 - Total of Error is 0
Wed Feb 11 07:01:15 EST 2015 -  
Wed Feb 11 07:01:15 EST 2015 -  
Wed Feb 11 07:01:15 EST 2015 - ====================================================================================================
Wed Feb 11 07:01:15 EST 2015 - Syncing Directories /install to /backup/nomad/install ...
Wed Feb 11 07:01:15 EST 2015 - ====================================================================================================
Wed Feb 11 07:01:15 EST 2015 - rsync -vrOltD --delete  /install/ raspi.maison.ca:/backup/nomad/install/ 
sending incremental file list
rhel/tmp/mp4/[MrAnal] Bonnie Rotten (Bonnie Rotten squirts everywhere - 06.02.15) rq.mp4

sent 421625286 bytes  received 461 bytes  2297687.99 bytes/sec
total size is 196221326972  speedup is 465.39
Wed Feb 11 07:04:18 EST 2015 - rsync /install to /backup/nomad/install - OK
Wed Feb 11 07:04:18 EST 2015 - Total of Error is 0
Wed Feb 11 07:04:18 EST 2015 -  
Wed Feb 11 07:04:18 EST 2015 -  
Wed Feb 11 07:04:18 EST 2015 - ====================================================================================================
Wed Feb 11 07:04:18 EST 2015 - Syncing Directories /linternux to /backup/nomad/linternux ...
Wed Feb 11 07:04:18 EST 2015 - ====================================================================================================
Wed Feb 11 07:04:18 EST 2015 - rsync -vrOltD --delete  /linternux/ raspi.maison.ca:/backup/nomad/linternux/ 
sending incremental file list

sent 171 bytes  received 17 bytes  125.33 bytes/sec
total size is 29666  speedup is 157.80
Wed Feb 11 07:04:19 EST 2015 - rsync /linternux to /backup/nomad/linternux - OK
Wed Feb 11 07:04:19 EST 2015 - Total of Error is 0
Wed Feb 11 07:04:19 EST 2015 -  
Wed Feb 11 07:04:19 EST 2015 -  
Wed Feb 11 07:04:19 EST 2015 - ====================================================================================================
Wed Feb 11 07:04:19 EST 2015 - Syncing Directories /useradmin to /backup/nomad/useradmin ...
Wed Feb 11 07:04:19 EST 2015 - ====================================================================================================
Wed Feb 11 07:04:19 EST 2015 - rsync -vrOltD --delete  /useradmin/ raspi.maison.ca:/backup/nomad/useradmin/ 
sending incremental file list

sent 3311 bytes  received 31 bytes  2228.00 bytes/sec
total size is 3816870  speedup is 1142.09
Wed Feb 11 07:04:20 EST 2015 - rsync /useradmin to /backup/nomad/useradmin - OK
Wed Feb 11 07:04:20 EST 2015 - Total of Error is 0
Wed Feb 11 07:04:20 EST 2015 -  
Wed Feb 11 07:04:20 EST 2015 -  
Wed Feb 11 07:04:20 EST 2015 - ====================================================================================================
Wed Feb 11 07:04:20 EST 2015 - Syncing Directories /svn to /backup/nomad/svn ...
Wed Feb 11 07:04:20 EST 2015 - ====================================================================================================
Wed Feb 11 07:04:20 EST 2015 - rsync -vrOltD --delete  /svn/ raspi.maison.ca:/backup/nomad/svn/ 
sending incremental file list

sent 1173 bytes  received 26 bytes  479.60 bytes/sec
total size is 157928  speedup is 131.72
Wed Feb 11 07:04:22 EST 2015 - rsync /svn to /backup/nomad/svn - OK
Wed Feb 11 07:04:22 EST 2015 - Total of Error is 0
Wed Feb 11 07:04:22 EST 2015 -  
Wed Feb 11 07:04:22 EST 2015 -  
Wed Feb 11 07:04:22 EST 2015 - ====================================================================================================
Wed Feb 11 07:04:22 EST 2015 - Syncing Directories /stbackups to /backup/nomad/stbackups ...
Wed Feb 11 07:04:22 EST 2015 - ====================================================================================================
Wed Feb 11 07:04:22 EST 2015 - rsync -vrOltD --delete  /stbackups/ raspi.maison.ca:/backup/nomad/stbackups/ 
sending incremental file list
iso/isoimage_info:mksysb_centos5-centos5.maison.ca
iso/isoimage_info:mksysb_centos6-centos6.maison.ca
iso/isoimage_info:mksysb_gumby-gumby.maison.ca
iso/isoimage_info:mksysb_nomad-nomad.maison.ca
iso/isoimage_info:mksysb_rhel3-rhel3.maison.ca
iso/mksysb_centos5-centos5.maison.ca.iso
iso/mksysb_centos6-centos6.maison.ca.iso
iso/mksysb_gumby-gumby.maison.ca.iso
iso/mksysb_nomad-nomad.maison.ca.iso
iso/mksysb_rhel3-rhel3.maison.ca.iso

sent 122778616 bytes  received 168556 bytes  1877056.06 bytes/sec
total size is 264744764  speedup is 2.15
Wed Feb 11 07:05:27 EST 2015 - rsync /stbackups to /backup/nomad/stbackups - OK
Wed Feb 11 07:05:27 EST 2015 - Total of Error is 0
Wed Feb 11 07:05:27 EST 2015 -  
Wed Feb 11 07:05:27 EST 2015 -  
Wed Feb 11 07:05:27 EST 2015 - ====================================================================================================
Wed Feb 11 07:05:27 EST 2015 - Syncing Directories /etc to /backup/nomad/etc ...
Wed Feb 11 07:05:27 EST 2015 - ====================================================================================================
Wed Feb 11 07:05:27 EST 2015 - rsync -vrOltD --delete  /etc/ raspi.maison.ca:/backup/nomad/etc/ 
sending incremental file list
mtab
cups/subscriptions.conf
cups/subscriptions.conf.O
dhcp/dhcpd.conf
dhcp/dhcpd.conf.old
lvm/cache/.cache
deleting perf/perfdata.150115
deleting perf/perfdata.150114
deleting perf/perfdata.150113
perf/perfdata.150208
perf/perfdata.150209
perf/perfdata.150210
postfix/main.cf

sent 1145481 bytes  received 915 bytes  254754.67 bytes/sec
total size is 48856623  speedup is 42.62
Wed Feb 11 07:05:31 EST 2015 - rsync /etc to /backup/nomad/etc - OK
Wed Feb 11 07:05:31 EST 2015 - Total of Error is 0
Wed Feb 11 07:05:31 EST 2015 -  
Wed Feb 11 07:05:31 EST 2015 -  
Wed Feb 11 07:05:31 EST 2015 - ====================================================================================================
Wed Feb 11 07:05:31 EST 2015 - Syncing Directories /var to /backup/nomad/var ...
Wed Feb 11 07:05:31 EST 2015 - ====================================================================================================
Wed Feb 11 07:05:31 EST 2015 - rsync -vrOltD --delete  /var/ raspi.maison.ca:/backup/nomad/var/ 
sending incremental file list
adsmlog/automysqlbackup.log
adsmlog/create_linux_perfdata.log
adsmlog/drsavevg.log
adsmlog/mksysb_nomad.log
adsmlog/rc.nomad.mksysb_nomad.log
adsmlog/restart_nmon_at_midnight.log
adsmlog/start_nmon.log
cache/man/whatis
cache/yum/i386/6/timedhosts.txt
cache/yum/i386/6/base/cachecookie
cache/yum/i386/6/base/mirrorlist.txt
deleting cache/yum/i386/6/epel/b4d497e66aa0edf15467c432fe61f9141cbb51a1db4cab95daba47302dbc5cb1-primary.sqlite
deleting cache/yum/i386/6/epel/8025f09c044a7c39678b7c962b223685ba27a289d430694b5db3d8b736cd2cb4-updateinfo.xml.gz
cache/yum/i386/6/epel/9dfb2f0661fe5e7e651346f4498adece4b7b7cc135ce792459fa3937af24d9d3-updateinfo.xml.gz
cache/yum/i386/6/epel/cachecookie
cache/yum/i386/6/epel/d5b5bfc83979743327d55fd25247844f10c640ce6e718cbbcc7f17edfb2d0fa8-primary.sqlite
cache/yum/i386/6/epel/metalink.xml
cache/yum/i386/6/epel/repomd.xml
cache/yum/i386/6/epel/gen/updateinfo.xml
cache/yum/i386/6/extras/cachecookie
cache/yum/i386/6/extras/mirrorlist.txt
cache/yum/i386/6/extras/repomd.xml
cache/yum/i386/6/isv_ownCloud_community/cachecookie
cache/yum/i386/6/isv_ownCloud_community/other.xml.gz
cache/yum/i386/6/isv_ownCloud_community/other.xml.gz.sqlite
cache/yum/i386/6/isv_ownCloud_community/primary.xml.gz
cache/yum/i386/6/isv_ownCloud_community/primary.xml.gz.sqlite
cache/yum/i386/6/isv_ownCloud_community/repomd.xml
deleting cache/yum/i386/6/puppetlabs-deps/78701a9571b8ba3bc98076813db0a466737eb8a2-primary.sqlite
cache/yum/i386/6/puppetlabs-deps/08ee774470df09b7eb6fdeea4a5d85cc22ca34f1-primary.sqlite
cache/yum/i386/6/puppetlabs-deps/cachecookie
cache/yum/i386/6/puppetlabs-deps/repomd.xml
deleting cache/yum/i386/6/puppetlabs-products/c5d30e76e42f4797030119b2ea2a706826942d19-primary.sqlite
cache/yum/i386/6/puppetlabs-products/19a2c066b3a6df700902c808654aebae3f14415a-other.sqlite
cache/yum/i386/6/puppetlabs-products/506abaf5884ebfe5e1f4cf9ab88c758d9c1fc1e0-primary.sqlite
cache/yum/i386/6/puppetlabs-products/cachecookie
cache/yum/i386/6/puppetlabs-products/repomd.xml
deleting cache/yum/i386/6/updates/ffc1ff1842a58bf722bf9f1d3bf6854e203bcdc1ae23aab945b0d8619d229c21-other.sqlite
deleting cache/yum/i386/6/updates/d806fe2c64c98d6020f6814ab3506b650cd6894dc2c747797d77562ab07a6766-primary.sqlite
cache/yum/i386/6/updates/8b26f0aa7c6bf346466de54549cfbfc2cf8abb12bb6a045916d976cd1131c3b4-other.sqlite
cache/yum/i386/6/updates/cachecookie
cache/yum/i386/6/updates/d960431276163a8f5dc1819b009419b543d29f133e96f6da3280bea986356c0e-primary.sqlite
cache/yum/i386/6/updates/mirrorlist.txt
cache/yum/i386/6/updates/repomd.xml
lib/logrotate.status
lib/PackageKit/transactions.db
lib/dhcpd/dhcpd.leases
lib/dhcpd/dhcpd.leases~
lib/mlocate/mlocate.db
lib/mysql/wordpress/wp_options.MYD
lib/mysql/wordpress/wp_options.MYI
lib/ntp/drift
lib/postfix/master.lock
lib/rpm/__db.001
lib/rpm/__db.002
lib/rpm/__db.003
lib/rpm/__db.004
lib/samba/brlock.tdb
lib/samba/browse.dat
lib/samba/connections.tdb
lib/samba/locking.tdb
lib/samba/messages.tdb
lib/samba/notify_onelevel.tdb
lib/samba/printer_list.tdb
lib/samba/serverid.tdb
lock/subsys/dhcpd
lock/subsys/haldaemon
lock/subsys/named
lock/subsys/postfix
deleting log/xrdp-sesman.log-20150207.gz
deleting log/xrdp-sesman.log-20150206.gz
deleting log/xrdp-sesman.log-20150205.gz
log/btmp
log/cron
log/lastlog
log/maillog
log/messages
log/secure
log/wtmp
log/xferlog
log/xrdp-sesman.log
log/xrdp-sesman.log-20150209.gz
log/xrdp-sesman.log-20150210.gz
log/xrdp-sesman.log-20150211.gz
log/audit/audit.log
log/cups/access_log
log/httpd/linternux_access.log
log/httpd/linternux_error.log
deleting log/sa/sar12
deleting log/sa/sar11
deleting log/sa/sa12
log/sa/sa08
log/sa/sa09
log/sa/sa10
log/sa/sa11
log/sa/sar08
log/sa/sar09
log/sa/sar10
named/chroot/var/log/querylog
named/chroot/var/log/querylog.0
named/chroot/var/log/querylog.1
named/chroot/var/log/querylog.2
named/chroot/var/named/1.168.192.in-addr.arpa
named/chroot/var/named/maison.ca
named/chroot/var/run/named/named.pid
named/chroot/var/run/named/session.key
run/dhcpd.pid
run/haldaemon.pid
run/utmp
run/cups/certs/0
spool/anacron/cron.daily
deleting spool/postfix/defer/0/0BD5A395
deleting spool/postfix/defer/1/1F0C82B4
deleting spool/postfix/defer/1/1D9531D1
deleting spool/postfix/defer/1/175083E2
deleting spool/postfix/defer/2/2F0ED382
deleting spool/postfix/defer/2/2E1AF363
deleting spool/postfix/defer/2/259DF408C
deleting spool/postfix/defer/2/254281CD
deleting spool/postfix/defer/2/23D941D7
deleting spool/postfix/defer/2/229A2210
deleting spool/postfix/defer/3/37D303E0
deleting spool/postfix/defer/3/3546D368
deleting spool/postfix/defer/4/4F47D401
deleting spool/postfix/defer/4/4C02B2AE
deleting spool/postfix/defer/4/4AFD0233
deleting spool/postfix/defer/4/4A64F301
deleting spool/postfix/defer/4/453E5218
deleting spool/postfix/defer/4/44BF02B1
deleting spool/postfix/defer/4/41EDA3A6
deleting spool/postfix/defer/4/417672E5
deleting spool/postfix/defer/4/416682DC
deleting spool/postfix/defer/5/5F3F81BC
deleting spool/postfix/defer/6/6E4A1408D
deleting spool/postfix/defer/6/6987D21C
deleting spool/postfix/defer/6/671901BB
deleting spool/postfix/defer/6/664C040C
deleting spool/postfix/defer/6/616FD2DD
deleting spool/postfix/defer/7/7E07425A3
deleting spool/postfix/defer/7/728142B6
deleting spool/postfix/defer/8/8F05940A
deleting spool/postfix/defer/8/8C9DC2F2
deleting spool/postfix/defer/8/8620B291
deleting spool/postfix/defer/8/8394B2F3
deleting spool/postfix/defer/8/8369A1F7
deleting spool/postfix/defer/9/9B4F542D
deleting spool/postfix/defer/9/9AE82288
deleting spool/postfix/defer/9/9871C303
deleting spool/postfix/defer/9/9652723D
deleting spool/postfix/defer/A/A8C62408F
deleting spool/postfix/defer/B/BED6123F
deleting spool/postfix/defer/B/BCE821A2
deleting spool/postfix/defer/B/BB0EC310
deleting spool/postfix/defer/B/B70AE1CC
deleting spool/postfix/defer/B/B40CC4087
deleting spool/postfix/defer/C/CF4BA4088
deleting spool/postfix/defer/C/C7EC22FD
deleting spool/postfix/defer/C/C75FB3E1
deleting spool/postfix/defer/C/C468A1DE
deleting spool/postfix/defer/D/DE53E3F5
deleting spool/postfix/defer/D/DB21A20D
deleting spool/postfix/defer/D/D8E4B1F8
deleting spool/postfix/defer/E/EAB821DB
deleting spool/postfix/defer/E/E3DB2408E
deleting spool/postfix/defer/E/E21591E3
deleting spool/postfix/defer/E/E0C1A212
deleting spool/postfix/defer/F/F17EE296
deleting spool/postfix/deferred/0/0BD5A395
deleting spool/postfix/deferred/1/1F0C82B4
deleting spool/postfix/deferred/1/1D9531D1
deleting spool/postfix/deferred/1/175083E2
deleting spool/postfix/deferred/2/2F0ED382
deleting spool/postfix/deferred/2/2E1AF363
deleting spool/postfix/deferred/2/259DF408C
deleting spool/postfix/deferred/2/254281CD
deleting spool/postfix/deferred/2/23D941D7
deleting spool/postfix/deferred/2/229A2210
deleting spool/postfix/deferred/3/37D303E0
deleting spool/postfix/deferred/3/3546D368
deleting spool/postfix/deferred/4/4F47D401
deleting spool/postfix/deferred/4/4C02B2AE
deleting spool/postfix/deferred/4/4AFD0233
deleting spool/postfix/deferred/4/4A64F301
deleting spool/postfix/deferred/4/453E5218
deleting spool/postfix/deferred/4/44BF02B1
deleting spool/postfix/deferred/4/41EDA3A6
deleting spool/postfix/deferred/4/417672E5
deleting spool/postfix/deferred/4/416682DC
deleting spool/postfix/deferred/5/5F3F81BC
deleting spool/postfix/deferred/6/6E4A1408D
deleting spool/postfix/deferred/6/6987D21C
deleting spool/postfix/deferred/6/671901BB
deleting spool/postfix/deferred/6/664C040C
deleting spool/postfix/deferred/6/616FD2DD
deleting spool/postfix/deferred/7/7E07425A3
deleting spool/postfix/deferred/7/728142B6
deleting spool/postfix/deferred/8/8F05940A
deleting spool/postfix/deferred/8/8C9DC2F2
deleting spool/postfix/deferred/8/8620B291
deleting spool/postfix/deferred/8/8394B2F3
deleting spool/postfix/deferred/8/8369A1F7
deleting spool/postfix/deferred/9/9B4F542D
deleting spool/postfix/deferred/9/9AE82288
deleting spool/postfix/deferred/9/9871C303
deleting spool/postfix/deferred/9/9652723D
deleting spool/postfix/deferred/A/A8C62408F
deleting spool/postfix/deferred/B/BED6123F
deleting spool/postfix/deferred/B/BCE821A2
deleting spool/postfix/deferred/B/BB0EC310
deleting spool/postfix/deferred/B/B70AE1CC
deleting spool/postfix/deferred/B/B40CC4087
deleting spool/postfix/deferred/C/CF4BA4088
deleting spool/postfix/deferred/C/C7EC22FD
deleting spool/postfix/deferred/C/C75FB3E1
deleting spool/postfix/deferred/C/C468A1DE
deleting spool/postfix/deferred/D/DE53E3F5
deleting spool/postfix/deferred/D/DB21A20D
deleting spool/postfix/deferred/D/D8E4B1F8
deleting spool/postfix/deferred/E/EAB821DB
deleting spool/postfix/deferred/E/E3DB2408E
deleting spool/postfix/deferred/E/E21591E3
deleting spool/postfix/deferred/E/E0C1A212
deleting spool/postfix/deferred/F/F17EE296
spool/postfix/pid/master.pid
spool/postfix/pid/unix.showq

sent 187397812 bytes  received 166589 bytes  1459645.14 bytes/sec
total size is 1576859583  speedup is 8.41
Wed Feb 11 07:07:39 EST 2015 - rsync /var to /backup/nomad/var - OK
Wed Feb 11 07:07:39 EST 2015 - Total of Error is 0
Wed Feb 11 07:07:39 EST 2015 -  
Wed Feb 11 07:07:39 EST 2015 -  
Wed Feb 11 07:07:39 EST 2015 - ====================================================================================================
Wed Feb 11 07:07:39 EST 2015 - Syncing Directories /boot to /backup/nomad/boot ...
Wed Feb 11 07:07:39 EST 2015 - ====================================================================================================
Wed Feb 11 07:07:39 EST 2015 - rsync -vrOltD --delete  /boot/ raspi.maison.ca:/backup/nomad/boot/ 
sending incremental file list

sent 1365 bytes  received 17 bytes  921.33 bytes/sec
total size is 81467599  speedup is 58949.06
Wed Feb 11 07:07:40 EST 2015 - rsync /boot to /backup/nomad/boot - OK
Wed Feb 11 07:07:40 EST 2015 - Total of Error is 0
Wed Feb 11 07:07:40 EST 2015 -  
Wed Feb 11 07:07:40 EST 2015 - ====================================================================================================
Wed Feb 11 07:07:40 EST 2015 - sync_server function total error is 0
Wed Feb 11 07:07:40 EST 2015 - ====================================================================================================
Wed Feb 11 07:07:40 EST 2015 - ====================================================================================================
Wed Feb 11 07:07:40 EST 2015 - Trimming rc log /sadmin/log/nomad_rsync_to_raspi_stat.log
Wed Feb 11 07:07:40 EST 2015 - Trimming log /sadmin/log/nomad_rsync_to_raspi.log
Wed Feb 11 07:07:40 EST 2015 - Ended at 07:07:40
Wed Feb 11 07:07:40 EST 2015 - ====================================================================================================
