stderr output from "/sbin/chkconfig":
    chkconfig version 1.3.30.2 - Copyright (C) 1997-2000 Red Hat, Inc.
    This may be freely redistributed under the terms of the GNU Public License.
    
    usage:   chkconfig --list [name]
             chkconfig --add <name>
             chkconfig --del <name>
             chkconfig [--level <levels>] <name> <on|off|reset|resetpriorities>
stderr output from "cat /var/lib/multipath/bindings":
    cat: /var/lib/multipath/bindings: No such file or directory
stderr output from "vgdisplay -v | awk -F' +' '/PV Name/ {print $4}'":
        Finding all volume groups
      No volume groups found
stderr output from "vgdisplay -s | awk -F\" '{print $2}'":
      No volume groups found
stderr output from "vgdisplay -v | awk -F' +' '/LV Name/ {print $4}'":
        Finding all volume groups
      No volume groups found
stderr output from "vgdisplay -v":
        Finding all volume groups
      No volume groups found
stderr output from "if grep -q '' /etc/sysconfig/network-scripts/route-*; then for RouteCfgFile in /etc/sysconfig/network-scripts/route-*; do printf "\n\n$(basename ${RouteCfgFile}):\n\n"; cat ${RouteCfgFile}; done; fi":
    grep: /etc/sysconfig/network-scripts/route-*: No such file or directory
stderr output from "/sbin/mii-tool -v":
    SIOCGMIIPHY on 'eth0' failed: Operation not supported
    no MII interfaces found
stderr output from "/sbin/mii-diag -a":
    Using the default interface 'eth0'.
    SIOCGMIIPHY on eth0 failed: Operation not supported
stderr output from "/usr/bin/hp-info -i | 	 	/usr/bin/col":
    [31;01merror: Error occured during interactive mode. Exiting.[0m
