Could not parse for environment production: Could not find file /root/help.pp
g2html-linux: line 480: /usr/bin/lscpu: No such file or directory
stderr output from "cat /proc/meminfo; echo THP:; cat /sys/kernel/mm/transparent_hugepage/enabled":
    cat: /sys/kernel/mm/transparent_hugepage/enabled: No such file or directory
stderr output from "cat /proc/pagetypeinfo":
    cat: /proc/pagetypeinfo: No such file or directory
stderr output from "cat /proc/zoneinfo":
    cat: /proc/zoneinfo: No such file or directory
stderr output from "pstree -p -a  -l -G -A":
    pstree: invalid option -- A
    usage: pstree [ -a ] [ -c ] [ -h | -H pid ] [ -l ] [ -n ] [ -p ] [ -u ]
                  [ -G | -U ] [ pid | user]
           pstree -V
    
        -a     show command line arguments
        -c     don't compact identical subtrees
        -h     highlight current process and its ancestors
        -H pid highlight process "pid" and its ancestors
        -G     use VT100 line drawing characters
        -l     don't truncate long lines
        -n     sort output by PID
        -p     show PIDs; implies -c
        -u     show uid transitions
        -U     use UTF-8 (Unicode)) line drawing characters
        -V     display version information
        -Z     show SELinux security contexts
        pid    start at pid, default 1 (init))
        user   show only trees rooted at processes of that user
    
stderr output from "/sbin/chkconfig":
    chkconfig version 1.3.13.5.EL4 - Copyright (C) 1997-2000 Red Hat, Inc.
    This may be freely redistributed under the terms of the GNU Public License.
    
    usage:   chkconfig --list [name]
             chkconfig --add <name>
             chkconfig --del <name>
             chkconfig [--level <levels>] <name> <on|off|reset>
stderr output from "/sbin/chkconfig -l --deps":
    -l: unknown option
stderr output from "/usr/sbin/authconfig --test":
    TERM environment variable needs set.
stderr output from "my_df":
    df: unrecognized option `--total'
    Try `df --help' for more information.
stderr output from "vgdisplay -v | awk -F' +' '/PV Name/ {print $4}'":
        Finding all volume groups
        Finding volume group "VolGroup00"
        Fixing up missing size (7.90 GB) for PV /dev/sda2
stderr output from "vgdisplay -v | awk -F' +' '/LV Name/ {print $4}'":
        Finding all volume groups
        Finding volume group "VolGroup00"
        Fixing up missing size (7.90 GB) for PV /dev/sda2
stderr output from "vgdisplay -v":
        Finding all volume groups
        Finding volume group "VolGroup00"
        Fixing up missing size (7.90 GB) for PV /dev/sda2
stderr output from "PVDisplay":
        Using physical volume(s) on command line
        Fixing up missing size (7.90 GB) for PV /dev/sda2
stderr output from "if grep -q '' /etc/sysconfig/network-scripts/route-*; then for RouteCfgFile in /etc/sysconfig/network-scripts/route-*; do printf "\n\n$(basename ${RouteCfgFile}):\n\n"; cat ${RouteCfgFile}; done; fi":
    grep: /etc/sysconfig/network-scripts/route-*: No such file or directory
stderr output from "lsblk -ta":
    /usr/bin/cfg2html-linux: line 480: lsblk: command not found
stderr output from "/usr/bin/puppet status master":
    Could not parse for environment production: Could not find file /root/status.pp
stderr output from "/usr/bin/puppet resource user":
    Could not parse for environment production: Could not find file /root/resource.pp
stderr output from "/usr/bin/puppet resource package":
    Could not parse for environment production: Could not find file /root/resource.pp
