sfdisk: no disk device specified
which: no ntpq in (/bin:/sbin:/usr/bin:/usr/sbin:/usr/local/bin:/usr/local/sbin:)
ve
          systemd services. SysV configuration data might be overridden by native
          systemd configuration.
    
          If you want to list systemd services use 'systemctl list-unit-files'.
          To see services enabled on particular target use
          'systemctl list-dependencies [target]'.
    
stderr output from "/sbin/chkconfig --list":
    
    Note: This output shows SysV services only and does not include native
          systemd services. SysV configuration data might be overridden by native
          systemd configuration.
    
          If you want to list systemd services use 'systemctl list-unit-files'.
          To see services enabled on particular target use
          'systemctl list-dependencies [target]'.
    
stderr output from "chkconfig --list multipathd":
    
    Note: This output shows SysV services only and does not include native
          systemd services. SysV configuration data might be overridden by native
          systemd configuration.
    
          If you want to list systemd services use 'systemctl list-unit-files'.
          To see services enabled on particular target use
          'systemctl list-dependencies [target]'.
    
    error reading information on service multipathd: No such file or directory
stderr output from "grep -vE '^#|^ *$' /etc/multipath.conf":
    grep: /etc/multipath.conf: No such file or directory
stderr output from "for MultiPath in $(/sbin/multipath -v1 -d -l); do ls -l /dev/mapper/${MultiPath}; done":
    ls: cannot access /dev/mapper/Dec: No such file or directory
    ls: cannot access /dev/mapper/14: No such file or directory
    ls: cannot access /dev/mapper/05:04:18: No such file or directory
    ls: cannot access /dev/mapper/|: No such file or directory
    ls: cannot access /dev/mapper/DM: No such file or directory
    ls: cannot access /dev/mapper/multipath: No such file or directory
    ls: cannot access /dev/mapper/kernel: No such file or directory
    ls: cannot access /dev/mapper/driver: No such file or directory
    ls: cannot access /dev/mapper/not: No such file or directory
    ls: cannot access /dev/mapper/loaded: No such file or directory
    ls: cannot access /dev/mapper/Dec: No such file or directory
    ls: cannot access /dev/mapper/14: No such file or directory
    ls: cannot access /dev/mapper/05:04:18: No such file or directory
    ls: cannot access /dev/mapper/|: No such file or directory
    ls: cannot access /dev/mapper//etc/multipath.conf: No such file or directory
    ls: cannot access /dev/mapper/does: No such file or directory
    ls: cannot access /dev/mapper/not: No such file or directory
    ls: cannot access /dev/mapper/exist,: No such file or directory
    ls: cannot access /dev/mapper/blacklisting: No such file or directory
    ls: cannot access /dev/mapper/all: No such file or directory
    ls: cannot access /dev/mapper/devices.: No such file or directory
    ls: cannot access /dev/mapper/Dec: No such file or directory
    ls: cannot access /dev/mapper/14: No such file or directory
    ls: cannot access /dev/mapper/05:04:18: No such file or directory
    ls: cannot access /dev/mapper/|: No such file or directory
    ls: cannot access /dev/mapper/A: No such file or directory
    ls: cannot access /dev/mapper/default: No such file or directory
    ls: cannot access /dev/mapper/multipath.conf: No such file or directory
    ls: cannot access /dev/mapper/file: No such file or directory
    ls: cannot access /dev/mapper/is: No such file or directory
    ls: cannot access /dev/mapper/located: No such file or directory
    ls: cannot access /dev/mapper/at: No such file or directory
    ls: cannot access /dev/mapper/Dec: No such file or directory
    ls: cannot access /dev/mapper/14: No such file or directory
    ls: cannot access /dev/mapper/05:04:18: No such file or directory
    ls: cannot access /dev/mapper/|: No such file or directory
    ls: cannot access /dev/mapper//usr/share/doc/device-mapper-multipath-0.4.9/multipath.conf: No such file or directory
    ls: cannot access /dev/mapper/Dec: No such file or directory
    ls: cannot access /dev/mapper/14: No such file or directory
    ls: cannot access /dev/mapper/05:04:18: No such file or directory
    ls: cannot access /dev/mapper/|: No such file or directory
    ls: cannot access /dev/mapper/You: No such file or directory
    ls: cannot access /dev/mapper/can: No such file or directory
    ls: cannot access /dev/mapper/run: No such file or directory
    ls: cannot access /dev/mapper//sbin/mpathconf: No such file or directory
    ls: cannot access /dev/mapper/to: No such file or directory
    ls: cannot access /dev/mapper/create: No such file or directory
    ls: cannot access /dev/mapper/or: No such file or directory
    ls: cannot access /dev/mapper/modify: No such file or directory
    ls: cannot access /dev/mapper//etc/multipath.conf: No such file or directory
    ls: cannot access /dev/mapper/Dec: No such file or directory
    ls: cannot access /dev/mapper/14: No such file or directory
    ls: cannot access /dev/mapper/05:04:18: No such file or directory
    ls: cannot access /dev/mapper/|: No such file or directory
    ls: cannot access /dev/mapper/DM: No such file or directory
    ls: cannot access /dev/mapper/multipath: No such file or directory
    ls: cannot access /dev/mapper/kernel: No such file or directory
    ls: cannot access /dev/mapper/driver: No such file or directory
    ls: cannot access /dev/mapper/not: No such file or directory
    ls: cannot access /dev/mapper/loaded: No such file or directory
stderr output from "cat /var/lib/multipath/bindings":
    cat: /var/lib/multipath/bindings: No such file or directory
stderr output from "vgdisplay -v | awk -F' +' '/PV Name/ {print $4}'":
        Using volume group(s) on command line.
stderr output from "vgdisplay -v | awk -F' +' '/LV Name/ {print $4}'":
        Using volume group(s) on command line.
stderr output from "vgdisplay -v":
        Using volume group(s) on command line.
stderr output from "PVDisplay":
        Using physical volume(s) on command line.
stderr output from "if grep -q '' /etc/sysconfig/network-scripts/route-*; then for RouteCfgFile in /etc/sysconfig/network-scripts/route-*; do printf "\n\n$(basename ${RouteCfgFile}):\n\n"; cat ${RouteCfgFile}; done; fi":
    grep: /etc/sysconfig/network-scripts/route-*: No such file or directory
stderr output from "/sbin/mii-tool -v":
    No interface specified
    usage: /sbin/mii-tool [-VvRrwl] [-A media,... | -F media] [-p addr] <interface ...>
           -V, --version               display version information
           -v, --verbose               more verbose output
           -R, --reset                 reset MII to poweron state
           -r, --restart               restart autonegotiation
           -w, --watch                 monitor for link status changes
           -l, --log                   with -w, write events to syslog
           -A, --advertise=media,...   advertise only specified media
           -F, --force=media           force specified media technology
           -p, --phy=addr              set PHY (MII address) to report
    media: 1000baseTx-HD, 1000baseTx-FD,
           100baseT4, 100baseTx-FD, 100baseTx-HD,
           10baseT-FD, 10baseT-HD,
           (to advertise both HD and FD) 1000baseTx, 100baseTx, 10baseT
stderr output from "/sbin/mii-diag -a":
    No interface specified.
    Usage: mii-diag [--help] [-aDfrRvVw] [-AF <speed+duplex>] [--watch] <interface>
stderr output from "cat /etc/xinetd.d/*|grep -vE '^#|^ *$'":
    cat: /etc/xinetd.d/*: No such file or directory
stderr output from "/usr/sbin/sendmail -bV":
    Invalid operation mode V
    Invalid operation mode V
    Invalid operation mode V
    Invalid operation mode V
    Invalid operation mode V
    Invalid operation mode V
    Invalid operation mode V
    Invalid operation mode V
    No configuration file found at /root/.esmtprc or /etc/esmtprc
    No configuration file found at /root/.esmtprc or /etc/esmtprc
    Invalid operation mode V
    Invalid operation mode V
    Invalid operation mode V
    Invalid operation mode V
    Invalid operation mode V
    Invalid operation mode V
    Invalid operation mode V
    Invalid operation mode V
    Invalid operation mode V
    Invalid operation mode V
    Invalid operation mode V
    Invalid operation mode V
    Invalid operation mode V
    Invalid operation mode V
    Invalid operation mode V
    Invalid operation mode V
    Invalid operation mode V
    Invalid operation mode V
    No configuration file found at /root/.esmtprc or /etc/esmtprc
    Invalid operation mode V
    Invalid operation mode V
    Invalid operation mode V
    Invalid operation mode V
    Invalid operation mode V
    Invalid operation mode V
    Invalid operation mode V
    Invalid operation mode V
    No configuration file found at /root/.esmtprc or /etc/esmtprc
    Invalid operation mode V
    Invalid operation mode V
    Invalid operation mode V
    Invalid operation mode V
    Invalid operation mode V
    Invalid operation mode V
    No configuration file found at /root/.esmtprc or /etc/esmtprc
    No configuration file found at /root/.esmtprc or /etc/esmtprc
    No configuration file found at /root/.esmtprc or /etc/esmtprc
    Invalid operation mode V
    Invalid operation mode V
    Invalid operation mode V
    Invalid operation mode V
stderr output from "/sbin/ldconfig -vN":
    /sbin/ldconfig: Can't stat /libx32: No such file or directory
    /sbin/ldconfig: Path `/usr/lib' given more than once
    /sbin/ldconfig: Path `/usr/lib64' given more than once
    /sbin/ldconfig: Can't stat /usr/libx32: No such file or directory
stderr output from "/sbin/sysctl -a | sort -u":
    sysctl: reading key "net.ipv6.conf.all.stable_secret"
    sysctl: reading key "net.ipv6.conf.default.stable_secret"
    sysctl: reading key "net.ipv6.conf.eno16780032.stable_secret"
    sysctl: reading key "net.ipv6.conf.lo.stable_secret"
    sysctl: reading key "net.ipv6.conf.virbr0.stable_secret"
    sysctl: reading key "net.ipv6.conf.virbr0-nic.stable_secret"
stderr output from "/usr/bin/lpstat -t":
    lpstat: No destinations added.
    lpstat: No destinations added.
    lpstat: No destinations added.
    lpstat: No destinations added.
stderr output from "/usr/bin/hp-info -i | 	 	/usr/bin/col":
    [35;01mwarning: hp-info should not be run as root/superuser.[0m
    [31;01merror: No device found that support this feature.[0m
