stderr output from "cat /proc/cpuinfo; echo; /usr/bin/lscpu;":
    /usr/bin/cfg2html-linux: line 1: /usr/bin/lscpu: No such file or directory
stderr output from "getconf -a":
    getconf: Unrecognized variable `-a'
stderr output from "cat /proc/meminfo; echo THP:; cat /sys/kernel/mm/transparent_hugepage/enabled":
    cat: /sys/kernel/mm/transparent_hugepage/enabled: No such file or directory
stderr output from "cat /proc/buddyinfo":
    cat: /proc/buddyinfo: No such file or directory
stderr output from "cat /proc/pagetypeinfo":
    cat: /proc/pagetypeinfo: No such file or directory
stderr output from "cat /proc/zoneinfo":
    cat: /proc/zoneinfo: No such file or directory
stderr output from "vmstat -dn;vmstat -f":
    vmstat: invalid option -- d
    usage: vmstat [flags] [delay [count]]
        --noheaders, -n  do not reprint the headers
        --active, -a     print active/inactive page stats
        --bytes, -b      print statistics in bytes
        --kb, -k         print statistics in KB
        --mb, -m         print statistics in MB
        --gb, -g         print statistics in GB
        --version, -V    print version and exit
        --help, -h       display this help and exit
    
        delay is the delay in seconds between each update
        count is the number of updates to display before exiting
        The default delay is zero and count is one
    vmstat: invalid option -- f
    usage: vmstat [flags] [delay [count]]
        --noheaders, -n  do not reprint the headers
        --active, -a     print active/inactive page stats
        --bytes, -b      print statistics in bytes
        --kb, -k         print statistics in KB
        --mb, -m         print statistics in MB
        --gb, -g         print statistics in GB
        --version, -V    print version and exit
        --help, -h       display this help and exit
    
        delay is the delay in seconds between each update
        count is the number of updates to display before exiting
        The default delay is zero and count is one
stderr output from "pstree -p -a  -l -G -A":
    pstree: invalid option -- A
    usage: pstree [ -a ] [ -c ] [ -h | -H pid ] [ -l ] [ -n ] [ -p ] [ -u ]
                  [ -G | -U ] [ pid | user]
           pstree -V
    
        -a     show command line arguments
        -c     don't compact identical subtrees
        -h     highlight current process and its ancestors
        -H pid highlight process "pid" and its ancestors
        -G     use VT100 line drawing characters
        -l     don't truncate long lines
        -n     sort output by PID
        -p     show PIDs; implies -c
        -u     show uid transitions
        -U     use UTF-8 (Unicode) line drawing characters
        -V     display version information
        pid    start at pid, default 1 (init)
        user   show only trees rooted at processes of that user
    
stderr output from "/sbin/chkconfig":
    chkconfig version 1.3.13.5.EL3 - Copyright (C) 1997-2000 Red Hat, Inc.
    This may be freely redistributed under the terms of the GNU Public License.
    
    usage:   chkconfig --list [name]
             chkconfig --add <name>
             chkconfig --del <name>
             chkconfig [--level <levels>] <name> <on|off|reset>
stderr output from "/sbin/chkconfig -l --deps":
    -l: unknown option
stderr output from "/usr/sbin/authconfig --test":
    TERM environment variable needs set.
stderr output from "my_df":
    df: unrecognized option `--total'
    Try `df --help' for more information.
stderr output from "if grep -q '' /etc/sysconfig/network-scripts/route-*; then for RouteCfgFile in /etc/sysconfig/network-scripts/route-*; do printf "\n\n$(basename ${RouteCfgFile}):\n\n"; cat ${RouteCfgFile}; done; fi":
    grep: /etc/sysconfig/network-scripts/route-*: No such file or directory
