Warning: extended partition does not start at a cylinder boundary.
DOS and Linux will interpret the contents differently.
stderr output from "vgdisplay -v | awk -F' +' '/PV Name/ {print $4}'":
        Finding all volume groups
      No volume groups found
stderr output from "vgdisplay -s | awk -F\" '{print $2}'":
      No volume groups found
stderr output from "vgdisplay -v | awk -F' +' '/LV Name/ {print $4}'":
        Finding all volume groups
      No volume groups found
stderr output from "/sbin/vgs -o vg_name,lv_name,devices":
      No volume groups found
stderr output from "lvs -o +devices":
      No volume groups found
stderr output from "vgdisplay -v":
        Finding all volume groups
      No volume groups found
stderr output from "/sbin/mii-tool -v":
    SIOCGMIIPHY on 'eth0' failed: Operation not supported
    no MII interfaces found
stderr output from "/usr/sbin/tcpdchk -v":
    Cannot find your inetd.conf or tlid.conf file.
    Please specify its location.
stderr output from "/usr/sbin/tcpdchk -a":
    Cannot find your inetd.conf or tlid.conf file.
    Please specify its location.
stderr output from "/sbin/ldconfig -vN":
    /sbin/ldconfig.real: Can't stat /lib/i686-linux-gnu: No such file or directory
    /sbin/ldconfig.real: Can't stat /usr/lib/i686-linux-gnu: No such file or directory
    /sbin/ldconfig.real: Path `/lib/i386-linux-gnu' given more than once
    /sbin/ldconfig.real: Path `/usr/lib/i386-linux-gnu' given more than once
stderr output from "echo q | /usr/bin/hp-info -i |         /usr/bin/col":
    [35;01mwarning: hp-info should not be run as root/superuser.[0m
    [31;01merror: No device selected/specified or that supports this functionality.[0m
